Case #1:
GGG
CCC
JJJ
Case #2:
CODE
COAM
CJAM
Case #3:
CA
KE
Case #4:
CCCCC
DDDDB
AAAAA
AAAAA
AAAAA
AAAAA
AAAAA
Case #5:
AAAAAAAABBBBBBBBBBBBBBBBB
AAAAAAAABBBBBBBBBBBBBBBBB
AAAAAAAABBBBBBBBBBBBBBBBB
AAAAAAAABBBBBBBBBBBBBBBBB
AAAAAAAABBBBBBBBBBBBBBBBB
AAAAAAAABBBBBBBBBBBBBBBBB
AAAAAAAABBBBBBBBBBBBBBBBB
AAAAAAAABBBBBBBBBBBBBBBBB
AAAAAAAABBBBBBBBBBBBBBBBB
AAAAAAAABBBBBBBBBBBBBBBBB
AAAAAAAABBBBBBBBBBBBBBBBB
AAAAAAAABBBBBBBBBBBBBBBBB
AAAAAAAABBBBBBBBBBBBBBBBB
AAAAAAAABBBBBBBBBBBBBBBBB
CCCCCCCCBBBBBBBBBBBBBBBBB
CCCCCCCCEDDDDDDDDDDDDDDDD
CCCCCCCCEDDDDDDDDDDDDDDDD
CCCCCCCCEDDDDDDDDDDDDDDDD
CCCCCCCCEDDDDDDDDDDDDDDDD
CCCCCCCCEDDDDDDDDDDDDDDDD
CCCCCCCCEDDDDDDDDDDDDDDDD
CCCCCCCCEDDDDDDDDDDDDDDDD
CCCCCCCCEDDDDDDDDDDDDDDDD
CCCCCCCCEDDDDDDDDDDDDDDDD
CCCCCCCCEDDDDDDDDDDDDDDDD
Case #6:
UUUUUUZAEEEJIKKKKKKKKKKKK
UUUUUUZAXXXXIKKKKKKKKKKKK
UUUUUUZAFFFFIKKKKKKKKKKKK
HHHHHHZOODGGGCCCCCCCCCCCC
WWWWWWZOODYBLPPPPPPPPPPPP
WWWWWWZVNNNBMPPPPPPPPPPPP
TTTTTTTTTTSSSPPPPPPPPPPPP
RRRRRRRRRRSSSPPPPPPPPPPPP
QQQQQQQQQQQQQPPPPPPPPPPPP
QQQQQQQQQQQQQPPPPPPPPPPPP
QQQQQQQQQQQQQPPPPPPPPPPPP
QQQQQQQQQQQQQPPPPPPPPPPPP
QQQQQQQQQQQQQPPPPPPPPPPPP
QQQQQQQQQQQQQPPPPPPPPPPPP
QQQQQQQQQQQQQPPPPPPPPPPPP
QQQQQQQQQQQQQPPPPPPPPPPPP
QQQQQQQQQQQQQPPPPPPPPPPPP
QQQQQQQQQQQQQPPPPPPPPPPPP
QQQQQQQQQQQQQPPPPPPPPPPPP
QQQQQQQQQQQQQPPPPPPPPPPPP
QQQQQQQQQQQQQPPPPPPPPPPPP
QQQQQQQQQQQQQPPPPPPPPPPPP
QQQQQQQQQQQQQPPPPPPPPPPPP
QQQQQQQQQQQQQPPPPPPPPPPPP
QQQQQQQQQQQQQPPPPPPPPPPPP
Case #7:
AAAAAAACCCCCCCCCCCCCCCCCC
AAAAAAACCCCCCCCCCCCCCCCCC
BBBBBBBBEEEEEEEEEEEEEEEEE
BBBBBBBBEEEEEEEEEEEEEEEEE
BBBBBBBBEEEEEEEEEEEEEEEEE
BBBBBBBBEEEEEEEEEEEEEEEEE
BBBBBBBBDDDDDDDDDDDDDDDDD
BBBBBBBBFFFFFFFFFFFFFFGGG
BBBBBBBBFFFFFFFFFFFFFFGGG
BBBBBBBBFFFFFFFFFFFFFFGGG
BBBBBBBBFFFFFFFFFFFFFFGGG
BBBBBBBBFFFFFFFFFFFFFFGGG
BBBBBBBBFFFFFFFFFFFFFFGGG
BBBBBBBBFFFFFFFFFFFFFFGGG
BBBBBBBBFFFFFFFFFFFFFFGGG
BBBBBBBBFFFFFFFFFFFFFFGGG
BBBBBBBBFFFFFFFFFFFFFFGGG
BBBBBBBBHHHHHHHHHHHIIIIII
BBBBBBBBJJJJJJJJJJJIIIIII
BBBBBBBBJJJJJJJJJJJIIIIII
BBBBBBBBJJJJJJJJJJJIIIIII
BBBBBBBBJJJJJJJJJJJIIIIII
BBBBBBBBJJJJJJJJJJJIIIIII
BBBBBBBBJJJJJJJJJJJIIIIII
BBBBBBBBJJJJJJJJJJJIIIIII
Case #8:
AAAAAAAAAAAAAAAAAAAAAAAAA
BBBBBBBBBBBBBBBBBBBBBBBBB
CCCCCCCCCCCCCCCCCCCCCCCCC
DDDDDDDDDDDDDDDDDDDDDDDDD
EEEEEEEEEEEEEEEEEEEEEEEEE
FFFFFFFFFFFFFFFFFFFFFFFFF
GGGGGGGGGGGGGGGGGGGGGGGGG
HHHHHHHHHHHHHHHHHHHHHHHHH
IIIIIIIIIIIIIIIIIIIIIIIII
JJJJJJJJJJJJJJJJJJJJJJJJJ
KKKKKKKKKKKKKKKKKKKKKKKKK
LLLLLLLLLLLLLLLLLLLLLLLLL
MMMMMMMMMMMMMMMMMMMMMMMMM
NNNNNNNNNNNNNNNNNNNNNNNNN
OOOOOOOOOOOOOOOOOOOOOOOOO
PPPPPPPPPPPPPPPPPPPPPPPPP
QQQQQQQQQQQQQQQQQQQQQQQQQ
RRRRRRRRRRRRRRRRRRRRRRRRR
SSSSSSSSSSSSSSSSSSSSSSSSS
TTTTTTTTTTTTTTTTTTTTTTTTT
UUUUUUUUUUUUUUUUUUUUUUUUU
VVVVVVVVVVVVVVVVVVVVVVVVV
WWWWWWWWWWWWWWWWWWWWWWWWW
XXXXXXXXXXXXXXXXXXXXXXXXX
YYYYYYYYYYYYYYYYYYYYYYYYY
Case #9:
AA
AA
Case #10:
CCCCCCCCCCCCCCCCCCCCCCCCC
CCCCCCCCCCCCCCCCCCCCCCCCC
CCCCCCCCCCCCCCCCCCCCCCCCC
CCCCCCCCCCCCCCCCCCCCCCCCC
CCCCCCCCCCCCCCCCCCCCCCCCC
CCCCCCCCCCCCCCCCCCCCCCCCC
CCCCCCCCCCCCCCCCCCCCCCCCC
CCCCCCCCCCCCCCCCCCCCCCCCC
CCCCCCCCCCCCCCCCCCCCCCCCC
CCCCCCCCCCCCCCCCCCCCCCCCC
CCCCCCCCCCCCCCCCCCCCCCCCC
CCCCCCCCCCCCCCCCCCCCCCCCC
JIIYLLLLLVVVVVVVVVVVVVVVV
JPPPLLLLLVVVVVVVVVVVVVVVV
JPPPLLLLLVVVVVVVVVVVVVVVV
JPPPLLLLLVVVVVVVVVVVVVVVV
JPPPBBBBBVVVVVVVVVVVVVVVV
JPPPBBBBBVVVVVVVVVVVVVVVV
STTTBBBBBVVVVVVVVVVVVVVVV
QQFFBBBBBVVVVVVVVVVVVVVVV
ZZGGBBBBBNNNNNNNNNNNNNNNN
ZZXXXDDDARRRRRRRRRRRRRRRR
ZZUUUUUUUUUUUUUUUUUUUUUUU
EOOOOKKKKKKMMMMMMMMMMMMMM
EOOOOKKKKKKHHHWWWWWWWWWWW
Case #11:
AAAAAAAAABBBBBJJJJJJJJJJJ
CCCCCCCCCDDDDDJJJJJJJJJJJ
EEEEEEEEEDDDDDJJJJJJJJJJJ
EEEEEEEEEDDDDDJJJJJJJJJJJ
EEEEEEEEEDDDDDJJJJJJJJJJJ
EEEEEEEEEDDDDDJJJJJJJJJJJ
EEEEEEEEEDDDDDJJJJJJJJJJJ
EEEEEEEEEDDDDDJJJJJJJJJJJ
EEEEEEEEEDDDDDJJJJJJJJJJJ
EEEEEEEEEDDDDDJJJJJJJJJJJ
EEEEEEEEEDDDDDJJJJJJJJJJJ
EEEEEEEEEDDDDDJJJJJJJJJJJ
EEEEEEEEEFFFFHJJJJJJJJJJJ
EEEEEEEEEFFFFHJJJJJJJJJJJ
EEEEEEEEEFFFFHJJJJJJJJJJJ
EEEEEEEEEFFFFHJJJJJJJJJJJ
EEEEEEEEEFFFFHJJJJJJJJJJJ
EEEEEEEEEGGGGIIIIIIIIIIII
EEEEEEEEEGGGGIIIIIIIIIIII
EEEEEEEEEGGGGIIIIIIIIIIII
EEEEEEEEEGGGGIIIIIIIIIIII
EEEEEEEEEGGGGIIIIIIIIIIII
EEEEEEEEEGGGGIIIIIIIIIIII
EEEEEEEEEGGGGIIIIIIIIIIII
EEEEEEEEEGGGGIIIIIIIIIIII
Case #12:
ACGG
AEGG
DEHH
IEBF
Case #13:
FIIDAAAAAAAAAAAAAAAAAAAAA
FIIDAAAAAAAAAAAAAAAAAAAAA
FIIDAAAAAAAAAAAAAAAAAAAAA
FIIDAAAAAAAAAAAAAAAAAAAAA
FIIDAAAAAAAAAAAAAAAAAAAAA
FIIDAAAAAAAAAAAAAAAAAAAAA
FIIDAAAAAAAAAAAAAAAAAAAAA
FIIDAAAAAAAAAAAAAAAAAAAAA
FIIDAAAAAAAAAAAAAAAAAAAAA
FIIDAAAAAAAAAAAAAAAAAAAAA
FIIDAAAAAAAAAAAAAAAAAAAAA
FIIDAAAAAAAAAAAAAAAAAAAAA
FIIDAAAAAAAAAAAAAAAAAAAAA
FIIDAAAAAAAAAAAAAAAAAAAAA
FIIDAAAAAAAAAAAAAAAAAAAAA
FIIDAAAAAAAAAAAAAAAAAAAAA
FIIDAAAAAAAAAAAAAAAAAAAAA
BBRDAAAAAAAAAAAAAAAAAAAAA
ZWXDAAAAAAAAAAAAAAAAAAAAA
ZYXDAAAAAAAAAAAAAAAAAAAAA
UUCJTQQQQQQQQQQQQQQQQQQQQ
LHCOSSSSSSSSSSSSSSSSSSSSS
KVVPSSSSSSSSSSSSSSSSSSSSS
MEEEEEEEEEEEEEEEEEEEEEEEE
MGGNNNNNNNNNNNNNNNNNNNNNN
Case #14:
AAAAAAAAAAAAAAAAAAAAAAAAA
AAAAAAAAAAAAAAAAAAAAAAAAA
AAAAAAAAAAAAAAAAAAAAAAAAA
AAAAAAAAAAAAAAAAAAAAAAAAA
AAAAAAAAAAAAAAAAAAAAAAAAA
AAAAAAAAAAAAAAAAAAAAAAAAA
AAAAAAAAAAAAAAAAAAAAAAAAA
AAAAAAAAAAAAAAAAAAAAAAAAA
AAAAAAAAAAAAAAAAAAAAAAAAA
AAAAAAAAAAAAAAAAAAAAAAAAA
AAAAAAAAAAAAAAAAAAAAAAAAA
AAAAAAAAAAAAAAAAAAAAAAAAA
AAAAAAAAAAAAAAAAAAAAAAAAA
AAAAAAAAAAAAAAAAAAAAAAAAA
AAAAAAAAAAAAAAAAAAAAAAAAA
AAAAAAAAAAAAAAAAAAAAAAAAA
AAAAAAAAAAAAAAAAAAAAAAAAA
AAAAAAAAAAAAAAAAAAAAAAAAA
AAAAAAAAAAAAAAAAAAAAAAAAA
AAAAAAAAAAAAAAAAAAAAAAAAA
AAAAAAAAAAAAAAAAAAAAAAAAA
AAAAAAAAAAAAAAAAAAAAAAAAA
AAAAAAAAAAAAAAAAAAAAAAAAA
AAAAAAAAAAAAAAAAAAAAAAAAA
AAAAAAAAAAAAAAAAAAAAAAAAA
Case #15:
ABCDEFGHIJKLMNOPQRSTUVWXY
ABCDEFGHIJKLMNOPQRSTUVWXY
ABCDEFGHIJKLMNOPQRSTUVWXY
ABCDEFGHIJKLMNOPQRSTUVWXY
ABCDEFGHIJKLMNOPQRSTUVWXY
ABCDEFGHIJKLMNOPQRSTUVWXY
ABCDEFGHIJKLMNOPQRSTUVWXY
ABCDEFGHIJKLMNOPQRSTUVWXY
ABCDEFGHIJKLMNOPQRSTUVWXY
ABCDEFGHIJKLMNOPQRSTUVWXY
ABCDEFGHIJKLMNOPQRSTUVWXY
ABCDEFGHIJKLMNOPQRSTUVWXY
ABCDEFGHIJKLMNOPQRSTUVWXY
ABCDEFGHIJKLMNOPQRSTUVWXY
ABCDEFGHIJKLMNOPQRSTUVWXY
ABCDEFGHIJKLMNOPQRSTUVWXY
ABCDEFGHIJKLMNOPQRSTUVWXY
ABCDEFGHIJKLMNOPQRSTUVWXY
ABCDEFGHIJKLMNOPQRSTUVWXY
ABCDEFGHIJKLMNOPQRSTUVWXY
ABCDEFGHIJKLMNOPQRSTUVWXY
ABCDEFGHIJKLMNOPQRSTUVWXY
ABCDEFGHIJKLMNOPQRSTUVWXY
ABCDEFGHIJKLMNOPQRSTUVWXY
ABCDEFGHIJKLMNOPQRSTUVWXY
Case #16:
BDD
CDD
AAA
AAA
Case #17:
AAAAAAAAAAAAAAAAAAAAAAAAA
BBBBBBBBBBBBBBBBBBBBBBBBB
CCCCCCCCCCCCCCCCCCCCCCCCC
DDDDDDDDDDDDDDDDDDDDDDDDD
EEEEEEEEEEEEEEEEEEEEEEEEE
FFFFFFFFFFFFFFFFFFFFFFFFF
GGGGGGGGGGGGGGGGGGGGGGGGG
HHHHHHHHHHHHHHHHHHHHHHHHH
IIIIIIIIIIIIIIIIIIIIIIIII
JJJJJJJJJJJJJJJJJJJJJJJJJ
KKKKKKKKKKKKKKKKKKKKKKKKK
LLLLLLLLLLLLLLLLLLLLLLLLL
MMMMMMMMMMMMMMMMMMMMMMMMM
NNNNNNNNNNNNNNNNNNNNNNNNN
OOOOOOOOOOOOOOOOOOOOOOOOO
PPPPPPPPPPPPPPPPPPPPPPPPP
QQQQQQQQQQQQQQQQQQQQQQQQQ
RRRRRRRRRRRRRRRRRRRRRRRRR
SSSSSSSSSSSSSSSSSSSSSSSSS
TTTTTTTTTTTTTTTTTTTTTTTTT
UUUUUUUUUUUUUUUUUUUUUUUUU
VVVVVVVVVVVVVVVVVVVVVVVVV
WWWWWWWWWWWWWWWWWWWWWWWWW
XXXXXXXXXXXXXXXXXXXXXXXXX
YYYYYYYYYYYYYYYYYYYYYYYYY
Case #18:
AAAAAAAAACCEEEEEEEGGGGGGG
AAAAAAAAACCEEEEEEEGGGGGGG
AAAAAAAAACCEEEEEEEGGGGGGG
AAAAAAAAACCEEEEEEEGGGGGGG
AAAAAAAAACCEEEEEEEGGGGGGG
AAAAAAAAACCEEEEEEEGGGGGGG
AAAAAAAAACCEEEEEEEGGGGGGG
AAAAAAAAACCEEEEEEEGGGGGGG
AAAAAAAAACCEEEEEEEGGGGGGG
AAAAAAAAACCEEEEEEEGGGGGGG
AAAAAAAAACCEEEEEEEGGGGGGG
BBBBBBBBBBDEEEEEEEGGGGGGG
FFFFFFFFFFFFFFFFFFGGGGGGG
FFFFFFFFFFFFFFFFFFGGGGGGG
FFFFFFFFFFFFFFFFFFGGGGGGG
FFFFFFFFFFFFFFFFFFGGGGGGG
FFFFFFFFFFFFFFFFFFGGGGGGG
FFFFFFFFFFFFFFFFFFGGGGGGG
FFFFFFFFFFFFFFFFFFGGGGGGG
FFFFFFFFFFFFFFFFFFGGGGGGG
FFFFFFFFFFFFFFFFFFGGGGGGG
FFFFFFFFFFFFFFFFFFGGGGGGG
HHHHHHHHHHHHHHHHHHHHHHHHH
JJJJJJJJJJJJJJJJJJIIIIIII
JJJJJJJJJJJJJJJJJJIIIIIII
Case #19:
CWWKSEUUUUFAAAAGOOOOJJJPP
MBXDSEUUUUVIHLLZRRNTQQYPP
Case #20:
QQQQQQQQQQQQQQQQQQQQQQQQQ
PPPPPPPPPPPPPCAAAAAAAAAAA
LLLLLLLLLLLLLCAAAAAAAAAAA
LLLLLLLLLLLLLOOOOFFFFFFFF
LLLLLLLLLLLLLOOOOFFFFFFFF
LLLLLLLLLLLLLOOOOFFFFFFFF
LLLLLLLLLLLLLOOOOFFFFFFFF
LLLLLLLLLLLLLOOOOFFFFFFFF
SSSSTTTTTTTTJJJJJJJJJJKKK
SSSSTTTTTTTTJJJJJJJJJJWWW
SSSSTTTTTTTTJJJJJJJJJJWWW
SSSSTTTTTTTTJJJJJJJJJJWWW
SSSSTTTTTTTTYYYUUUUUUUUUI
SSSSTTTTTTTTYYYUUUUUUUUUI
SSSSTTTTTTTTYYYUUUUUUUUUI
SSSSTTTTTTTTYYYUUUUUUUUUE
RXXXTTTTTTTTYYYUUUUUUUUUE
RXXXTTTTTTTTYYYUUUUUUUUUE
RXXXTTTTTTTTYYYUUUUUUUUUE
RXXXTTTTTTTTHHHUUUUUUUUUE
RXXXBBDDDDDDDDDDDDDZMMMMM
GGGGGNDDDDDDDDDDDDDZVVVVV
GGGGGNDDDDDDDDDDDDDZVVVVV
GGGGGNDDDDDDDDDDDDDZVVVVV
GGGGGNDDDDDDDDDDDDDZVVVVV
Case #21:
AAAACEEEEEEEEEEEEEEEEEEEE
AAAACEEEEEEEEEEEEEEEEEEEE
AAAACEEEEEEEEEEEEEEEEEEEE
BBBBCEEEEEEEEEEEEEEEEEEEE
BBBBCEEEEEEEEEEEEEEEEEEEE
BBBBCEEEEEEEEEEEEEEEEEEEE
BBBBCEEEEEEEEEEEEEEEEEEEE
BBBBDDDDDDDDDDDDDDFGGGGGG
BBBBDDDDDDDDDDDDDDFGGGGGG
BBBBDDDDDDDDDDDDDDFGGGGGG
BBBBDDDDDDDDDDDDDDFGGGGGG
BBBBDDDDDDDDDDDDDDFGGGGGG
BBBBDDDDDDDDDDDDDDFGGGGGG
BBBBDDDDDDDDDDDDDDFGGGGGG
BBBBDDDDDDDDDDDDDDHGGGGGG
BBBBDDDDDDDDDDDDDDJJJJJII
BBBBDDDDDDDDDDDDDDJJJJJII
BBBBDDDDDDDDDDDDDDJJJJJII
BBBBDDDDDDDDDDDDDDJJJJJII
BBBBDDDDDDDDDDDDDDJJJJJII
BBBBDDDDDDDDDDDDDDJJJJJII
BBBBDDDDDDDDDDDDDDJJJJJII
BBBBDDDDDDDDDDDDDDJJJJJII
BBBBDDDDDDDDDDDDDDJJJJJII
BBBBDDDDDDDDDDDDDDJJJJJII
Case #22:
PPPPPPPPPPPPPPPPPPPPPPPPP
PPPPPPPPPPPPPPPPPPPPPPPPP
UUUUUUUUUUUUUUUUUUUUUUCCC
EEEEEEEEEEEEEEEEEEEEEEEAA
KKKKKKKKKKKKKKKKKKKKKKKKK
KKKKKKKKKKKKKKKKKKKKKKKKK
DDDDDDDDDDDDDDDDVVOOOOHHR
DDDDDDDDDDDDDDDDVVQQQQHHR
ZZZZZZZZZZZZZZZZZZQQQQHHR
BBBBBBBBBBBBBBBBBBBSSSHHR
BBBBBBBBBBBBBBBBBBBWWWWWJ
BBBBBBBBBBBBBBBBBBBMXXXXX
BBBBBBBBBBBBBBBBBBBFFFFFF
YYYYYYYYYYYYYYYYYYYYYYYYY
GGGGGGGGGGGGGGGGGGGTIIIIL
NNNNNNNNNNNNNNNNNNNNNNNNN
NNNNNNNNNNNNNNNNNNNNNNNNN
NNNNNNNNNNNNNNNNNNNNNNNNN
NNNNNNNNNNNNNNNNNNNNNNNNN
NNNNNNNNNNNNNNNNNNNNNNNNN
NNNNNNNNNNNNNNNNNNNNNNNNN
NNNNNNNNNNNNNNNNNNNNNNNNN
NNNNNNNNNNNNNNNNNNNNNNNNN
NNNNNNNNNNNNNNNNNNNNNNNNN
NNNNNNNNNNNNNNNNNNNNNNNNN
Case #23:
FFFFFFMMMMMMMMMMMXXXXXXXX
FFFFFFMMMMMMMMMMMXXXXXXXX
FFFFFFMMMMMMMMMMMXXXXXXXX
FFFFFFMMMMMMMMMMMXXXXXXXX
RRRRRRRRRRRRRRRRRXXXXXXXX
WWWWWWWDDDDDDDDVVXXXXXXXX
WWWWWWWDDDDDDDDVVXXXXXXXX
NNPPPPPDDDDDDDDVVXXXXXXXX
NNPPPPPDDDDDDDDGGGGGGGGGZ
NNPPPPPDDDDDDDDGGGGGGGGGC
NNPPPPPDDDDDDDDGGGGGGGGGC
NNPPPPPDDDDDDDDYBBBBBBBOO
QQQQQQQDDDDDDDDYBBBBBBBOO
SSSSSSSDDDDDDDDLBBBBBBBOO
SSSSSSSDDDDDDDDLBBBBBBBOO
SSSSSSSAAAAAAAALBBBBBBBOO
KKKKKKKKKKKKKKKKBBBBBBBOO
JJJJJJJJJJJJJJJJJJJJJJUUU
JJJJJJJJJJJJJJJJJJJJJJUUU
JJJJJJJJJJJJJJJJJJJJJJUUU
JJJJJJJJJJJJJJJJJJJJJJUUU
JJJJJJJJJJJJJJJJJJJJJJUUU
HHHHHHHHTTTTTTTTTTTTTTUUU
HHHHHHHHIIIIIIIIIIIIIEUUU
HHHHHHHHIIIIIIIIIIIIIEUUU
Case #24:
ZZZZZZCRRYYYYYYYYYTTTTTTT
ZZZZZZCRRYYYYYYYYYKKKKKOG
ZZZZZZCRRYYYYYYYYYKKKKKOG
ZZZZZZCRRYYYYYYYYYKKKKKOG
ZZZZZZCRRYYYYYYYYYKKKKKOG
ZZZZZZCRRYYYYYYYYYFFFFFOG
ZZZZZZJJJYYYYYYYYYMMMMMOG
ZZZZZZWWWWWWWSSSSSSSSSSSG
ZZZZZZEEEEAAASSSSSSSSSSSG
ZZZZZZIIIIAAASSSSSSSSSSSG
ZZZZZZIIIIAAASSSSSSSSSSSG
ZZZZZZIIIIAAASSSSSSSSSSSG
ZZZZZZIIIIAAASSSSSSSSSSSG
ZZZZZZIIIIAAAXXXXXXXUUUUU
QQQQQQQQQQQQQQQQQQQQQQNNN
BBBDDDDDDDDDPHHHHLLLLLNNN
BBBDDDDDDDDDPHHHHLLLLLNNN
BBBDDDDDDDDDPHHHHLLLLLNNN
BBBDDDDDDDDDPHHHHLLLLLNNN
BBBDDDDDDDDDPHHHHLLLLLNNN
BBBDDDDDDDDDPHHHHLLLLLNNN
VVVVVVVVVVVVVVVVVVVVVVVVV
VVVVVVVVVVVVVVVVVVVVVVVVV
VVVVVVVVVVVVVVVVVVVVVVVVV
VVVVVVVVVVVVVVVVVVVVVVVVV
Case #25:
YBBBBVVVVVVVVVVVVRRRTTTTT
YBBBBVVVVVVVVVVVVRRRTTTTT
YBBBBVVVVVVVVVVVVRRRTTTTT
YBBBBVVVVVVVVVVVVRRRTTTTT
YBBBBVVVVVVVVVVVVRRRTTTTT
YBBBBVVVVVVVVVVVVRRRTTTTT
YBBBBFFFFFFFFFFFFFAATTTTT
YBBBBFFFFFFFFFFFFFAATTTTT
YMMMMFFFFFFFFFFFFFAATTTTT
GGGGGGGGKKKKKKKKKKKSTTTTT
GGGGGGGGKKKKKKKKKKKJJJJJJ
CCCCCCCCKKKKKKKKKKKJJJJJJ
CCCCCCCCKKKKKKKKKKKJJJJJJ
CCCCCCCCKKKKKKKKKKKIIIIII
HHHHHHHHKKKKKKKKKKKIIIIII
UUUUUZZZZZZZZZZZPPXIIIIII
OOOWWWWWWWWWWWWWPPXNNNNNN
DDDDDQQQQQLEEEEEEEEEEEEEE
DDDDDQQQQQLEEEEEEEEEEEEEE
DDDDDQQQQQLEEEEEEEEEEEEEE
DDDDDQQQQQLEEEEEEEEEEEEEE
DDDDDQQQQQLEEEEEEEEEEEEEE
DDDDDQQQQQLEEEEEEEEEEEEEE
DDDDDQQQQQLEEEEEEEEEEEEEE
DDDDDQQQQQLEEEEEEEEEEEEEE
Case #26:
ABCDEFGHIJKLMNOPQRSTUVWXY
ABCDEFGHIJKLMNOPQRSTUVWXY
ABCDEFGHIJKLMNOPQRSTUVWXY
ABCDEFGHIJKLMNOPQRSTUVWXY
ABCDEFGHIJKLMNOPQRSTUVWXY
ABCDEFGHIJKLMNOPQRSTUVWXY
ABCDEFGHIJKLMNOPQRSTUVWXY
ABCDEFGHIJKLMNOPQRSTUVWXY
ABCDEFGHIJKLMNOPQRSTUVWXY
ABCDEFGHIJKLMNOPQRSTUVWXY
ABCDEFGHIJKLMNOPQRSTUVWXY
ABCDEFGHIJKLMNOPQRSTUVWXY
ABCDEFGHIJKLMNOPQRSTUVWXY
ABCDEFGHIJKLMNOPQRSTUVWXY
ABCDEFGHIJKLMNOPQRSTUVWXY
ABCDEFGHIJKLMNOPQRSTUVWXY
ABCDEFGHIJKLMNOPQRSTUVWXY
ABCDEFGHIJKLMNOPQRSTUVWXY
ABCDEFGHIJKLMNOPQRSTUVWXY
ABCDEFGHIJKLMNOPQRSTUVWXY
ABCDEFGHIJKLMNOPQRSTUVWXY
ABCDEFGHIJKLMNOPQRSTUVWXY
ABCDEFGHIJKLMNOPQRSTUVWXY
ABCDEFGHIJKLMNOPQRSTUVWXY
ABCDEFGHIJKLMNOPQRSTUVWXY
Case #27:
LLLLLDJJAAAAAQQQQQQQOOOOO
LLLLLDJJAAAAAQQQQQQQOOOOO
LLLLLDJJAAAAAIIIIIIIIIIII
LLLLLDJJAAAAAWWWWCCCCCCCC
LLLLLDJJAAAAAWWWWCCCCCCCC
LLLLLDJJAAAAAEEEECCCCCCCC
LLLLLDJJAAAAAEEEECCCCCCCC
LLLLLDJJAAAAAEEEECCCCCCCC
LLLLLDJJAAAAAEEEECCCCCCCC
LLLLLDJJTPPPPPPPPPPKHHHHH
LLLLLDJJTPPPPPPPPPPKHHHHH
LLLLLDJJTPPPPPPPPPPKHHHHH
NNNNNNJJTPPPPPPPPPPKHHHHH
NNNNNNXXXXXXZYSSSSRRRRRRR
NNNNNNXXXXXXZYSSSSRRRRRRR
NNNNNNXXXXXXZYSSSSRRRRRRR
NNNNNNVBBBBBZYSSSSRRRRRRR
NNNNNNVBBBBBZYSSSSRRRRRRR
MMMMMMMBBBBBZYSSSSRRRRRRR
MMMMMMMBBBBBZYSSSSRRRRRRR
MMMMMMMBBBBBZYSSSSRRRRRRR
MMMMMMMBBBBBUUUUUURRRRRRR
MMMMMMMBBBBBUUUUUURRRRRRR
MMMMMMMGGGGGUUUUUURRRRRRR
FFFFFFFFFFFFFFFFFFFFFFFFF
Case #28:
BB
AA
Case #29:
DHHHMIIIIIKKKKCGGLBAEJJFF
Case #30:
AAAAACCEEEEEEEEEEEEEEEEEE
AAAAACCEEEEEEEEEEEEEEEEEE
AAAAACCEEEEEEEEEEEEEEEEEE
AAAAACCEEEEEEEEEEEEEEEEEE
AAAAACCEEEEEEEEEEEEEEEEEE
AAAAACCEEEEEEEEEEEEEEEEEE
AAAAACCEEEEEEEEEEEEEEEEEE
BBBBBCCEEEEEEEEEEEEEEEEEE
BBBBBCCEEEEEEEEEEEEEEEEEE
BBBBBCCEEEEEEEEEEEEEEEEEE
BBBBBCCEEEEEEEEEEEEEEEEEE
BBBBBDDDDDDDDDDDDDDDDDDDD
BBBBBDDDDDDDDDDDDDDDDDDDD
BBBBBDDDDDDDDDDDDDDDDDDDD
BBBBBDDDDDDDDDDDDDDDDDDDD
BBBBBDDDDDDDDDDDDDDDDDDDD
BBBBBDDDDDDDDDDDDDDDDDDDD
BBBBBDDDDDDDDDDDDDDDDDDDD
BBBBBDDDDDDDDDDDDDDDDDDDD
BBBBBDDDDDDDDDDDDDDDDDDDD
BBBBBFFFFFFFFFFFGGGGGGGGG
BBBBBHHHHHHHHHHHHIIIIIIII
BBBBBHHHHHHHHHHHHIIIIIIII
BBBBBJJJJJJJJJJJJIIIIIIII
BBBBBJJJJJJJJJJJJIIIIIIII
Case #31:
JJJDDDYEEHHHHHHHHHHHHHHHH
JJJDDDYEEHHHHHHHHHHHHHHHH
JJJDDDYEEHHHHHHHHHHHHHHHH
JJJDDDYEEHHHHHHHHHHHHHHHH
JJJDDDYEEHHHHHHHHHHHHHHHH
JJJDDDYEEHHHHHHHHHHHHHHHH
JJJDDDYEEHHHHHHHHHHHHHHHH
JJJDDDYEEHHHHHHHHHHHHHHHH
JJJDDDYEEHHHHHHHHHHHHHHHH
JJJDDDYEEHHHHHHHHHHHHHHHH
JJJDDDYEEHHHHHHHHHHHHHHHH
JJJDDDYEEHHHHHHHHHHHHHHHH
JJJDDDYEEHHHHHHHHHHHHHHHH
JJJDDDYEEHHHHHHHHHHHHHHHH
JJJDDDYEEHHHHHHHHHHHHHHHH
JJJDDDKEEHHHHHHHHHHHHHHHH
JJJCRRFFNHHHHHHHHHHHHHHHH
JJJZZWFFNHHHHHHHHHHHHHHHH
PPPPVWFFMHHHHHHHHHHHHHHHH
LLLSSSSOGHHHHHHHHHHHHHHHH
LLLAABIIIHHHHHHHHHHHHHHHH
LLLTUUQQQHHHHHHHHHHHHHHHH
LLLTXXQQQHHHHHHHHHHHHHHHH
LLLTXXQQQHHHHHHHHHHHHHHHH
LLLTXXQQQHHHHHHHHHHHHHHHH
Case #32:
PYYYYYYYYLLLLLLLLLCCCCCCC
XXXXXXXXKLLLLLLLLLCCCCCCC
XXXXXXXXKLLLLLLLLLZZZWWWW
XXXXXXXXKLLLLLLLLLZZZWWWW
GGGGGGGGGLLLLLLLLLZZZWWWW
EEETTTTTTLLLLLLLLLQUDWWWW
EEETTTTTTLLLLLLLLLQUDWWWW
EEETTTTTTLLLLLLLLLQURRRRR
EEETTTTTTLLLLLLLLLQURRRRR
EEETTTTTTLLLLLLLLLQURRRRR
EEETTTTTTLLLLLLLLLQURRRRR
EEENNNNNNLLLLLLLLLQURRRRR
EEENNNNNNLLLLLLLLLQURRRRR
EEENNNNNNLLLLLLLLLQURRRRR
FFFFFFFFFFFFVVVVVVQURRRRR
OOOOOOOJJJJJVVVVVVQURRRRR
OOOOOOOJJJJJBBBBBBBURRRRR
OOOOOOOJJJJJBBBBBBBURRRRR
OOOOOOOJJJJJBBBBBBBURRRRR
OOOOOOOJJJJJHIIISSSURRRRR
OOOOOOOJJJJJHIIISSSURRRRR
AAAAAAAAAMMMMMMMMMMMRRRRR
AAAAAAAAAMMMMMMMMMMMRRRRR
AAAAAAAAAMMMMMMMMMMMRRRRR
AAAAAAAAAMMMMMMMMMMMRRRRR
Case #33:
AAAAAAAAAAAAAAAAAAAAAAABB
AAAAAAAAAAAAAAAAAAAAAAABB
AAAAAAAAAAAAAAAAAAAAAAABB
AAAAAAAAAAAAAAAAAAAAAAABB
AAAAAAAAAAAAAAAAAAAAAAABB
AAAAAAAAAAAAAAAAAAAAAAABB
AAAAAAAAAAAAAAAAAAAAAAABB
AAAAAAAAAAAAAAAAAAAAAAABB
AAAAAAAAAAAAAAAAAAAAAAABB
AAAAAAAAAAAAAAAAAAAAAAABB
AAAAAAAAAAAAAAAAAAAAAAABB
AAAAAAAAAAAAAAAAAAAAAAABB
AAAAAAAAAAAAAAAAAAAAAAABB
AAAAAAAAAAAAAAAAAAAAAAABB
AAAAAAAAAAAAAAAAAAAAAAABB
AAAAAAAAAAAAAAAAAAAAAAABB
AAAAAAAAAAAAAAAAAAAAAAABB
AAAAAAAAAAAAAAAAAAAAAAABB
AAAAAAAAAAAAAAAAAAAAAAABB
AAAAAAAAAAAAAAAAAAAAAAABB
CCCCCCCCCCCCCCCCCCCCDDDDD
CCCCCCCCCCCCCCCCCCCCDDDDD
EEEEEEEEEEEEEEEEEEEEDDDDD
EEEEEEEEEEEEEEEEEEEEDDDDD
EEEEEEEEEEEEEEEEEEEEDDDDD
Case #34:
AAAAAAAAAAAAAAAAAAAAAAAAA
BBBBBBBBBBBBBBBBBBBBBBBBB
CCCCCCCCCCCCCCCCCCCCCCCCC
DDDDDDDDDDDDDDDDDDDDDDDDD
EEEEEEEEEEEEEEEEEEEEEEEEE
FFFFFFFFFFFFFFFFFFFFFFFFF
GGGGGGGGGGGGGGGGGGGGGGGGG
HHHHHHHHHHHHHHHHHHHHHHHHH
IIIIIIIIIIIIIIIIIIIIIIIII
JJJJJJJJJJJJJJJJJJJJJJJJJ
KKKKKKKKKKKKKKKKKKKKKKKKK
LLLLLLLLLLLLLLLLLLLLLLLLL
MMMMMMMMMMMMMMMMMMMMMMMMM
NNNNNNNNNNNNNNNNNNNNNNNNN
OOOOOOOOOOOOOOOOOOOOOOOOO
PPPPPPPPPPPPPPPPPPPPPPPPP
QQQQQQQQQQQQQQQQQQQQQQQQQ
RRRRRRRRRRRRRRRRRRRRRRRRR
SSSSSSSSSSSSSSSSSSSSSSSSS
TTTTTTTTTTTTTTTTTTTTTTTTT
UUUUUUUUUUUUUUUUUUUUUUUUU
VVVVVVVVVVVVVVVVVVVVVVVVV
WWWWWWWWWWWWWWWWWWWWWWWWW
XXXXXXXXXXXXXXXXXXXXXXXXX
YYYYYYYYYYYYYYYYYYYYYYYYY
Case #35:
YYYYYYYYYLLLLJJJJJJJJJJJJ
YYYYYYYYYLLLLJJJJJJJJJJJJ
YYYYYYYYYLLLLJJJJJJJJJJJJ
YYYYYYYYYLLLLJJJJJJJJJJJJ
YYYYYYYYYUKKKJJJJJJJJJJJJ
YYYYYYYYYUKKKEEEESSSSSSGG
YYYYYYYYYUKKKDDDDSSSSSSGG
YYYYYYYYYUKKKDDDDSSSSSSVV
QQQQWWOOOOOOMDDDDSSSSSSCC
QQQQWWOOOOOOMDDDDSSSSSSCC
IIIIWWOOOOOOMDDDDSSSSSSCC
ZZZZWWOOOOOOTTTNNNNNNNNNN
ZZZZWWOOOOOOTTTPPPPPPPPPP
ZZZZWWOOOOOOTTTPPPPPPPPPP
ZZZZWWOOOOOOTTTPPPPPPPPPP
ZZZZWWOOOOOOTTTPPPPPPPPPP
ZZZZWWOOOOOOTTTPPPPPPPPPP
XXXXXBOOOOOOTTTPPPPPPPPPP
XXXXXBOOOOOOTTTPPPPPPPPPP
XXXXXBOOOOOOTTTHHHHHHHHHH
XXXXXBOOOOOOTTTHHHHHHHHHH
RRRRRRRRRRRRRRRRRRRRRRRRR
FFFFFFFFFFFFFFFFFAAAAAAAA
FFFFFFFFFFFFFFFFFAAAAAAAA
FFFFFFFFFFFFFFFFFAAAAAAAA
Case #36:
ABBBCDDDEEFGGGHIIIJWKLLLM
ANOOPPPQRRRSTTTUVVVWXXXYY
ZNOOPPPQRRRSTTTUVVVWXXXYY
ZNOOPPPQRRRSTTTUVVVWXXXYY
ZNOOPPPQRRRSTTTUVVVWXXXYY
ZNOOPPPQRRRSTTTUVVVWXXXYY
ZNOOPPPQRRRSTTTUVVVWXXXYY
ZNOOPPPQRRRSTTTUVVVWXXXYY
ZNOOPPPQRRRSTTTUVVVWXXXYY
ZNOOPPPQRRRSTTTUVVVWXXXYY
ZNOOPPPQRRRSTTTUVVVWXXXYY
ZNOOPPPQRRRSTTTUVVVWXXXYY
ZNOOPPPQRRRSTTTUVVVWXXXYY
ZNOOPPPQRRRSTTTUVVVWXXXYY
ZNOOPPPQRRRSTTTUVVVWXXXYY
ZNOOPPPQRRRSTTTUVVVWXXXYY
ZNOOPPPQRRRSTTTUVVVWXXXYY
ZNOOPPPQRRRSTTTUVVVWXXXYY
ZNOOPPPQRRRSTTTUVVVWXXXYY
ZNOOPPPQRRRSTTTUVVVWXXXYY
ZNOOPPPQRRRSTTTUVVVWXXXYY
ZNOOPPPQRRRSTTTUVVVWXXXYY
ZNOOPPPQRRRSTTTUVVVWXXXYY
ZNOOPPPQRRRSTTTUVVVWXXXYY
ZNOOPPPQRRRSTTTUVVVWXXXYY
Case #37:
FFFFFFFFFFFFFFFFFFFFXXXKK
FFFFFFFFFFFFFFFFFFFFXXXKK
FFFFFFFFFFFFFFFFFFFFXXXKK
FFFFFFFFFFFFFFFFFFFFXXXKK
FFFFFFFFFFFFFFFFFFFFXXXKK
FFFFFFFFFFFFFFFFFFFFXXXKK
FFFFFFFFFFFFFFFFFFFFXXXKK
FFFFFFFFFFFFFFFFFFFFXXXKK
FFFFFFFFFFFFFFFFFFFFXXXKK
FFFFFFFFFFFFFFFFFFFFXXXKK
FFFFFFFFFFFFFFFFFFFFXXXKK
FFFFFFFFFFFFFFFFFFFFHMMMM
GGGGGGGGGGGGGGGAAABBCCCOO
GGGGGGGGGGGGGGGAAABBZSSOO
GGGGGGGGGGGGGGGTTTBBLRRRU
GGGGGGGGGGGGGGGTTTYYYRRRU
GGGGGGGGGGGGGGGTTTYYYRRRU
GGGGGGGGGGGGGGGEEEYYYRRRU
NNNNNNNNNNNNNNNNNNYYYPPPP
NNNNNNNNNNNNNNNNNNWJIDDDD
NNNNNNNNNNNNNNNNNNWQQDDDD
NNNNNNNNNNNNNNNNNNWVVVVVV
NNNNNNNNNNNNNNNNNNWVVVVVV
NNNNNNNNNNNNNNNNNNWVVVVVV
NNNNNNNNNNNNNNNNNNWVVVVVV
Case #38:
AAAAAAACCEEEEEEFGGGGGGGGG
AAAAAAACCEEEEEEFGGGGGGGGG
AAAAAAACCEEEEEEFGGGGGGGGG
AAAAAAACCEEEEEEFGGGGGGGGG
AAAAAAACCEEEEEEFGGGGGGGGG
AAAAAAACCEEEEEEFGGGGGGGGG
AAAAAAACCEEEEEEFGGGGGGGGG
AAAAAAACCEEEEEEFGGGGGGGGG
AAAAAAADDDDDDDDFGGGGGGGGG
AAAAAAADDDDDDDDFGGGGGGGGG
AAAAAAADDDDDDDDFGGGGGGGGG
BBBBBBBDDDDDDDDFGGGGGGGGG
BBBBBBBDDDDDDDDFGGGGGGGGG
BBBBBBBDDDDDDDDFGGGGGGGGG
BBBBBBBDDDDDDDDHHHHHIIIII
JJJJJJJJJJJJJJJJJJJJIIIII
JJJJJJJJJJJJJJJJJJJJIIIII
JJJJJJJJJJJJJJJJJJJJIIIII
JJJJJJJJJJJJJJJJJJJJIIIII
JJJJJJJJJJJJJJJJJJJJIIIII
JJJJJJJJJJJJJJJJJJJJIIIII
JJJJJJJJJJJJJJJJJJJJIIIII
JJJJJJJJJJJJJJJJJJJJIIIII
JJJJJJJJJJJJJJJJJJJJIIIII
JJJJJJJJJJJJJJJJJJJJIIIII
Case #39:
SSSCCCCCCCCDHHHHHHHHHHHHH
TTTTTTTTTTTDMMMMMMMMMMMMM
TTTTTTTTTTTDMMMMMMMMMMMMM
LJJJJJRRRRRRRRRRRRRRRRRRR
LJJJJJRRRRRRRRRRRRRRRRRRR
LJJJJJRRRRRRRRRRRRRRRRRRR
LJJJJJRRRRRRRRRRRRRRRRRRR
LJJJJJRRRRRRRRRRRRRRRRRRR
LJJJJJRRRRRRRRRRRRRRRRRRR
KKKKKKRRRRRRRRRRRRRRRRRRR
VVVIIIIIIIIIZZZZZZZXXXXXX
VVVIIIIIIIIIZZZZZZZXXXXXX
WWWIIIIIIIIIGGGGGGGGGGGGG
WWWIIIIIIIIIGGGGGGGGGGGGG
WWWIIIIIIIIIYYNNNNNNNNNNN
WWWIIIIIIIIIYYNNNNNNNNNNN
WWWIIIIIIIIIYYNNNNNNNNNNN
WWWIIIIIIIIIBBBBBBBBBBBBB
WWWPPPPPPPPPPPPPPPPPPPPPP
UUUPPPPPPPPPPPPPPPPPPPPPP
UUUPPPPPPPPPPPPPPPPPPPPPP
QQQQQQQQQQQQQQQQQQQAAAAAA
FFFFFFFFFFFFFFFFFFFFFEEEE
FFFFFFFFFFFFFFFFFFFFFEEEE
OOOOOOOOOOOOOOOOOOOOOOOOO
Case #40:
BSTKM
QSRPJ
VADLL
WHFUE
CIOGN
Case #41:
AAAAAAACCEEEEEEEEEEEEEEEE
AAAAAAACCEEEEEEEEEEEEEEEE
AAAAAAACCEEEEEEEEEEEEEEEE
AAAAAAACCEEEEEEEEEEEEEEEE
AAAAAAACCEEEEEEEEEEEEEEEE
AAAAAAACCEEEEEEEEEEEEEEEE
AAAAAAACCEEEEEEEEEEEEEEEE
AAAAAAACCEEEEEEEEEEEEEEEE
AAAAAAACCEEEEEEEEEEEEEEEE
AAAAAAACCEEEEEEEEEEEEEEEE
AAAAAAACCEEEEEEEEEEEEEEEE
AAAAAAACCEEEEEEEEEEEEEEEE
AAAAAAACCEEEEEEEEEEEEEEEE
AAAAAAACCEEEEEEEEEEEEEEEE
AAAAAAACCEEEEEEEEEEEEEEEE
AAAAAAACCEEEEEEEEEEEEEEEE
AAAAAAACCEEEEEEEEEEEEEEEE
BBBBBBBBDEEEEEEEEEEEEEEEE
BBBBBBBBDEEEEEEEEEEEEEEEE
BBBBBBBBDEEEEEEEEEEEEEEEE
BBBBBBBBDEEEEEEEEEEEEEEEE
BBBBBBBBDEEEEEEEEEEEEEEEE
BBBBBBBBDEEEEEEEEEEEEEEEE
BBBBBBBBDEEEEEEEEEEEEEEEE
BBBBBBBBDEEEEEEEEEEEEEEEE
Case #42:
ABCDEFGHIJKLMNOPQRSTUVWXY
ABCDEFGHIJKLMNOPQRSTUVWXY
ABCDEFGHIJKLMNOPQRSTUVWXY
ABCDEFGHIJKLMNOPQRSTUVWXY
ABCDEFGHIJKLMNOPQRSTUVWXY
ABCDEFGHIJKLMNOPQRSTUVWXY
ABCDEFGHIJKLMNOPQRSTUVWXY
ABCDEFGHIJKLMNOPQRSTUVWXY
ABCDEFGHIJKLMNOPQRSTUVWXY
ABCDEFGHIJKLMNOPQRSTUVWXY
ABCDEFGHIJKLMNOPQRSTUVWXY
ABCDEFGHIJKLMNOPQRSTUVWXY
ABCDEFGHIJKLMNOPQRSTUVWXY
ABCDEFGHIJKLMNOPQRSTUVWXY
ABCDEFGHIJKLMNOPQRSTUVWXY
ABCDEFGHIJKLMNOPQRSTUVWXY
ABCDEFGHIJKLMNOPQRSTUVWXY
ABCDEFGHIJKLMNOPQRSTUVWXY
ABCDEFGHIJKLMNOPQRSTUVWXY
ABCDEFGHIJKLMNOPQRSTUVWXY
ABCDEFGHIJKLMNOPQRSTUVWXY
ABCDEFGHIJKLMNOPQRSTUVWXY
ABCDEFGHIJKLMNOPQRSTUVWXY
ABCDEFGHIJKLMNOPQRSTUVWXY
ABCDEFGHIJKLMNOPQRSTUVWXY
Case #43:
VVVVVVVVEEEEEEEEEEEEEEEEE
VVVVVVVVEEEEEEEEEEEEEEEEE
VVVVVVVVEEEEEEEEEEEEEEEEE
VVVVVVVVEEEEEEEEEEEEEEEEE
VVVVVVVVEEEEEEEEEEEEEEEEE
VVVVVVVVEEEEEEEEEEEEEEEEE
VVVVVVVVEEEEEEEEEEEEEEEEE
VVVVVVVVEEEEEEEEEEEEEEEEE
VVVVVVVVEEEEEEEEEEEEEEEEE
VVVVVVVVEEEEEEEEEEEEEEEEE
VVVVVVVVEEEEEEEEEEEEEEEEE
VVVVVVVVEEEEEEEEEEEEEEEEE
VVVVVVVVEEEEEEEEEEEEEEEEE
VVVVVVVVEEEEEEEEEEEEEEEEE
VVVVVVVVEEEEEEEEEEEEEEEEE
VVVVVVVVEEEEEEEEEEEEEEEEE
VVVVVVVVEEEEEEEEEEEEEEEEE
HHHHHHHHEEEEEEEEEEEEEEEEE
MMMMMMMMEEEEEEEEEEEEEEEEE
JJJBBBBRQTSSSSSSSSSSSSSSS
AAAGKXXUQTSSSSSSSSSSSSSSS
IIIIOWYYQNNNNNNNNNNNNNNNN
PPPPDDDLQNNNNNNNNNNNNNNNN
ZZZZDDDLQNNNNNNNNNNNNNNNN
FFFFFCCCCCCCCCCCCCCCCCCCC
Case #44:
AAAAAAAAAAAAAAAAAAAAAAAAA
BBBBBBBBBBBBBBBBBBBBBBBBB
CCCCCCCCCCCCCCCCCCCCCCCCC
DDDDDDDDDDDDDDDDDDDDDDDDD
EEEEEEEEEEEEEEEEEEEEEEEEE
FFFFFFFFFFFFFFFFFFFFFFFFF
GGGGGGGGGGGGGGGGGGGGGGGGG
HHHHHHHHHHHHHHHHHHHHHHHHH
IIIIIIIIIIIIIIIIIIIIIIIII
JJJJJJJJJJJJJJJJJJJJJJJJJ
KKKKKKKKKKKKKKKKKKKKKKKKK
LLLLLLLLLLLLLLLLLLLLLLLLL
MMMMMMMMMMMMMMMMMMMMMMMMM
NNNNNNNNNNNNNNNNNNNNNNNNN
OOOOOOOOOOOOOOOOOOOOOOOOO
PPPPPPPPPPPPPPPPPPPPPPPPP
QQQQQQQQQQQQQQQQQQQQQQQQQ
RRRRRRRRRRRRRRRRRRRRRRRRR
SSSSSSSSSSSSSSSSSSSSSSSSS
TTTTTTTTTTTTTTTTTTTTTTTTT
UUUUUUUUUUUUUUUUUUUUUUUUU
VVVVVVVVVVVVVVVVVVVVVVVVV
WWWWWWWWWWWWWWWWWWWWWWWWW
XXXXXXXXXXXXXXXXXXXXXXXXX
YYYYYYYYYYYYYYYYYYYYYYYYY
Case #45:
ABCDEFGHIJKLMNOPQRSTUVWXY
ABCDEFGHIJKLMNOPQRSTUVWXY
ABCDEFGHIJKLMNOPQRSTUVWXY
ABCDEFGHIJKLMNOPQRSTUVWXY
ABCDEFGHIJKLMNOPQRSTUVWXY
ABCDEFGHIJKLMNOPQRSTUVWXY
ABCDEFGHIJKLMNOPQRSTUVWXY
ABCDEFGHIJKLMNOPQRSTUVWXY
ABCDEFGHIJKLMNOPQRSTUVWXY
ABCDEFGHIJKLMNOPQRSTUVWXY
ABCDEFGHIJKLMNOPQRSTUVWXY
ABCDEFGHIJKLMNOPQRSTUVWXY
ABCDEFGHIJKLMNOPQRSTUVWXY
ABCDEFGHIJKLMNOPQRSTUVWXY
ABCDEFGHIJKLMNOPQRSTUVWXY
ABCDEFGHIJKLMNOPQRSTUVWXY
ABCDEFGHIJKLMNOPQRSTUVWXY
ABCDEFGHIJKLMNOPQRSTUVWXY
ABCDEFGHIJKLMNOPQRSTUVWXY
ABCDEFGHIJKLMNOPQRSTUVWXY
ABCDEFGHIJKLMNOPQRSTUVWXY
ABCDEFGHIJKLMNOPQRSTUVWXY
ABCDEFGHIJKLMNOPQRSTUVWXY
ABCDEFGHIJKLMNOPQRSTUVWXY
ABCDEFGHIJKLMNOPQRSTUVWXY
Case #46:
PPHHHHHHHHHHHHHHHNNNNYYYY
PPHHHHHHHHHHHHHHHNNNNYYYY
PPHHHHHHHHHHHHHHHNNNNVVVV
PPHHHHHHHHHHHHHHHNNNNVVVV
PPHHHHHHHHHHHHHHHNNNNVVVV
PPHHHHHHHHHHHHHHHNNNNZZZZ
PPHHHHHHHHHHHHHHHNNNNZZZZ
PPHHHHHHHHHHHHHHHNNNNRRRR
PPHHHHHHHHHHHHHHHNNNNRRRR
PPHHHHHHHHHHHHHHHUUUMRRRR
PPHHHHHHHHHHHHHHHUUUMRRRR
TTTTTTTTTTQQQXLLLLLLLRRRR
TTTTTTTTTTQQQXLLLLLLLRRRR
TTTTTTTTTTQQQXLLLLLLLRRRR
TTTTTTTTTTCCCCCCCCCCCCCCC
TTTTTTTTTTDDDDDDDDDEEEEKK
JJJWWWWWWWWWWWWWWWWEEEEKK
JJJWWWWWWWWWWWWWWWWEEEEKK
JJJWWWWWWWWWWWWWWWWEEEEKK
JJJWWWWWWWWWWWWWWWWGSSSKK
JJJWWWWWWWWWWWWWWWWGSSSKK
JJJWWWWWWWWWWWWWWWWGBBBKK
OOOOOOOOFFFFFFFFFFFFFFFKK
OOOOOOOOFFFFFFFFFFFFFFFAA
OOOOOOOOIIIIIIIIIIIIIIIII
Case #47:
AAAAAAAAAAAAAAAAABBBBBBBB
AAAAAAAAAAAAAAAAABBBBBBBB
AAAAAAAAAAAAAAAAABBBBBBBB
AAAAAAAAAAAAAAAAABBBBBBBB
AAAAAAAAAAAAAAAAABBBBBBBB
AAAAAAAAAAAAAAAAABBBBBBBB
AAAAAAAAAAAAAAAAABBBBBBBB
AAAAAAAAAAAAAAAAABBBBBBBB
AAAAAAAAAAAAAAAAABBBBBBBB
AAAAAAAAAAAAAAAAABBBBBBBB
AAAAAAAAAAAAAAAAABBBBBBBB
AAAAAAAAAAAAAAAAABBBBBBBB
AAAAAAAAAAAAAAAAABBBBBBBB
AAAAAAAAAAAAAAAAABBBBBBBB
AAAAAAAAAAAAAAAAABBBBBBBB
AAAAAAAAAAAAAAAAABBBBBBBB
AAAAAAAAAAAAAAAAABBBBBBBB
AAAAAAAAAAAAAAAAABBBBBBBB
AAAAAAAAAAAAAAAAABBBBBBBB
AAAAAAAAAAAAAAAAABBBBBBBB
AAAAAAAAAAAAAAAAABBBBBBBB
AAAAAAAAAAAAAAAAABBBBBBBB
CCCCCCCCCCCCCCCCCDDDDDDDD
CCCCCCCCCCCCCCCCCDDDDDDDD
EEEEEEEEEEEEEEEEEDDDDDDDD
Case #48:
HHHHHHHHEEEIIIIIIIIIIIIII
HHHHHHHHEEEIIIIIIIIIIIIII
HHHHHHHHEEEIIIIIIIIIIIIII
HHHHHHHHNNNIIIIIIIIIIIIII
HHHHHHHHUUUIIIIIIIIIIIIII
HHHHHHHHUUUVVVVCCCSZZZZZZ
AAAAAAAAUUUVVVVCCCSPPPPPP
RRBBBBBBBBBBBBBBBBSPPPPPP
LLBBBBBBBBBBBBBBBBSPPPPPP
LLBBBBBBBBBBBBBBBBSPPPPPP
LLBBBBBBBBBBBBBBBBSPPPPPP
LLBBBBBBBBBBBBBBBBSPPPPPP
FFFFFFFFFFYYYYYYYYSPPPPPP
FFFFFFFFFFYYYYYYYYSPPPPPP
FFFFFFFFFFKKKKKKKKSPPPPPP
FFFFFFFFFFKKKKKKKKSPPPPPP
FFFFFFFFFFKKKKKKKKSGGGGGG
FFFFFFFFFFKKKKKKKKSGGGGGG
FFFFFFFFFFJJJJJJJJJJOOOOO
XXXXXXXXXXJJJJJJJJJJMMMMM
QQQQWWWWWTJJJJJJJJJJMMMMM
QQQQWWWWWTJJJJJJJJJJMMMMM
QQQQWWWWWDDDDDDDDDDDMMMMM
QQQQWWWWWDDDDDDDDDDDMMMMM
QQQQWWWWWDDDDDDDDDDDMMMMM
Case #49:
AAAAAAAAAAAAAAAAAAAAAAAAA
BBBBBBBBBBBBBBBBBBBBBBBBB
CCCCCCCCCCCCCCCCCCCCCCCCC
DDDDDDDDDDDDDDDDDDDDDDDDD
EEEEEEEEEEEEEEEEEEEEEEEEE
FFFFFFFFFFFFFFFFFFFFFFFFF
GGGGGGGGGGGGGGGGGGGGGGGGG
HHHHHHHHHHHHHHHHHHHHHHHHH
IIIIIIIIIIIIIIIIIIIIIIIII
JJJJJJJJJJJJJJJJJJJJJJJJJ
KKKKKKKKKKKKKKKKKKKKKKKKK
LLLLLLLLLLLLLLLLLLLLLLLLL
MMMMMMMMMMMMMMMMMMMMMMMMM
NNNNNNNNNNNNNNNNNNNNNNNNN
OOOOOOOOOOOOOOOOOOOOOOOOO
PPPPPPPPPPPPPPPPPPPPPPPPP
QQQQQQQQQQQQQQQQQQQQQQQQQ
RRRRRRRRRRRRRRRRRRRRRRRRR
SSSSSSSSSSSSSSSSSSSSSSSSS
TTTTTTTTTTTTTTTTTTTTTTTTT
UUUUUUUUUUUUUUUUUUUUUUUUU
VVVVVVVVVVVVVVVVVVVVVVVVV
WWWWWWWWWWWWWWWWWWWWWWWWW
XXXXXXXXXXXXXXXXXXXXXXXXX
YYYYYYYYYYYYYYYYYYYYYYYYY
Case #50:
D
D
D
D
B
B
B
B
C
A
K
G
G
G
I
L
H
H
H
E
F
J
M
M
M
Case #51:
WWWWWWWWRRRRRRFFFTTTTTTTP
WWWWWWWWRRRRRRFFFTTTTTTTP
WWWWWWWWRRRRRRFFFTTTTTTTP
BBBBBQQQRRRRRRFFFTTTTTTTP
BBBBBQQQRRRRRRFFFTTTTTTTP
BBBBBQQQRRRRRRFFFTTTTTTTP
BBBBBCCCRRRRRRNNNTTTTTTTP
BBBBBCCCRRRRRRNNNTTTTTTTP
BBBBBCCCRRRRRRNNNTTTTTTTP
YYYYYCCCRRRRRRNNNTTTTTTTP
YYYYYCCCRRRRRRHHHHHHIIIII
YYYYYCCCRRRRRRDDDDDDIIIII
YYYYYCCCRRRRRRDDDDDDIIIII
YYYYYCCCRRRRRRDDDDDDIIIII
SSSSSCCCRRRRRRDDDDDDIIIII
JJJJJCCCRRRRRRDDDDDDIIIII
JJJJJCCCRRRRRRDDDDDDIIIII
JJJJJCCCRRRRRRDDDDDDGGGGL
MMMMMMMMMMMMMMMMMMMMMMMML
MMMMMMMMMMMMMMMMMMMMMMMML
MMMMMMMMMMMMMMMMMMMMMMMML
KKKKKKKKKKKKKKKKKKKKKKKKK
ZZZZZZZZZZEVVVVVVXXAUUUUU
OOOOOOOOOOEVVVVVVXXAUUUUU
OOOOOOOOOOEVVVVVVXXAUUUUU
Case #52:
ZZZZZZZZZZZTTTTVYYYYYYYYY
ZZZZZZZZZZZJJJJJJJJJJJJJJ
FFFFFFFFFFBCCLXEQQQQQOOOO
FFFFFFFFFFBWWLXEQQQQQOOOO
MMMMMMMMMMMMMLXEPPPUUOOOO
MMMMMMMMMMMMMLKKKKKSSSSSS
MMMMMMMMMMMMMLKKKKKSSSSSS
HHHHHHHHHHGGGLKKKKKSSSSSS
HHHHHHHHHHGGGLRIIIISSSSSS
HHHHHHHHHHGGGNNNAAASSSSSS
HHHHHHHHHHGGGNNNAAASSSSSS
HHHHHHHHHHGGGDDDDDDSSSSSS
HHHHHHHHHHGGGDDDDDDSSSSSS
HHHHHHHHHHGGGDDDDDDSSSSSS
HHHHHHHHHHGGGDDDDDDSSSSSS
HHHHHHHHHHGGGDDDDDDSSSSSS
HHHHHHHHHHGGGDDDDDDSSSSSS
HHHHHHHHHHGGGDDDDDDSSSSSS
HHHHHHHHHHGGGDDDDDDSSSSSS
HHHHHHHHHHGGGDDDDDDSSSSSS
HHHHHHHHHHGGGDDDDDDSSSSSS
HHHHHHHHHHGGGDDDDDDSSSSSS
HHHHHHHHHHGGGDDDDDDSSSSSS
HHHHHHHHHHGGGDDDDDDSSSSSS
HHHHHHHHHHGGGDDDDDDSSSSSS
Case #53:
CD
AB
Case #54:
AABB
CCEE
DDEE
Case #55:
VVVVVVEEEEEEAAAAAAAAAASKK
VVVVVVEEEEEEAAAAAAAAAASKK
GGGGGGGDXXXXXFFFPPPPPPWKK
GGGGGGGDXXXXXFFFPPPPPPWKK
GGGGGGGDXXXXXUUUUUUUUUUKK
GGGGGGGDXXXXXUUUUUUUUUUKK
GGGGGGGDXXXXXUUUUUUUUUUKK
GGGGGGGDXXXXXUUUUUUUUUUKK
GGGGGGGDXXXXXUUUUUUUUUUKK
GGGGGGGMMMMMMUUUUUUUUUUKK
GGGGGGGZZZZZZUUUUUUUUUUJJ
GGGGGGGRRRRNNUUUUUUUUUUOO
GGGGGGGRRRRNNUUUUUUUUUUOO
GGGGGGGRRRRNNUUUUUUUUUUOO
YYYTTTTTTTTTTTTTTHHHHHHHH
CCCCCCCCIIIIIIIIIIIIIIIII
CCCCCCCCIIIIIIIIIIIIIIIII
CCCCCCCCIIIIIIIIIIIIIIIII
LLLBBBBBIIIIIIIIIIIIIIIII
LLLBBBBBIIIIIIIIIIIIIIIII
LLLBBBBBIIIIIIIIIIIIIIIII
LLLBBBBBIIIIIIIIIIIIIIIII
LLLBBBBBIIIIIIIIIIIIIIIII
LLLQQQQQQQQQQQQQQQQQQQQQQ
LLLQQQQQQQQQQQQQQQQQQQQQQ
Case #56:
AAAAAAAAAAABBHJJJJJJJJJJJ
AAAAAAAAAAABBHJJJJJJJJJJJ
AAAAAAAAAAABBHJJJJJJJJJJJ
CCCCCCCCCCCBBHJJJJJJJJJJJ
CCCCCCCCCCCDDHJJJJJJJJJJJ
EEEEEEEEEEEDDHJJJJJJJJJJJ
FFFFFFFFFFFFFHJJJJJJJJJJJ
FFFFFFFFFFFFFHJJJJJJJJJJJ
FFFFFFFFFFFFFHJJJJJJJJJJJ
FFFFFFFFFFFFFHJJJJJJJJJJJ
FFFFFFFFFFFFFHJJJJJJJJJJJ
FFFFFFFFFFFFFHJJJJJJJJJJJ
FFFFFFFFFFFFFHJJJJJJJJJJJ
FFFFFFFFFFFFFHJJJJJJJJJJJ
FFFFFFFFFFFFFHJJJJJJJJJJJ
FFFFFFFFFFFFFHJJJJJJJJJJJ
FFFFFFFFFFFFFHJJJJJJJJJJJ
FFFFFFFFFFFFFHJJJJJJJJJJJ
FFFFFFFFFFFFFHJJJJJJJJJJJ
FFFFFFFFFFFFFHJJJJJJJJJJJ
FFFFFFFFFFFFFHJJJJJJJJJJJ
FFFFFFFFFFFFFHJJJJJJJJJJJ
FFFFFFFFFFFFFHJJJJJJJJJJJ
FFFFFFFFFFFFFHJJJJJJJJJJJ
GGGGGGGGGGGGGHIIIIIIIIIII
Case #57:
GGGGGGGBBBBBBWWWWCCCCCCCC
GGGGGGGBBBBBBWWWWCCCCCCCC
GGGGGGGBBBBBBWWWWCCCCCCCC
GGGGGGGBBBBBBWWWWCCCCCCCC
GGGGGGGBBBBBBWWWWNNNNNNNN
GGGGGGGPPPPPZWWWWNNNNNNNN
GGGGGGGUUUUUZWWWWNNNNNNNN
GGGGGGGUUUUUZWWWWNNNNNNNN
YYYYYYYUUUUUZWWWWLRRRRRRR
YYYYYYYUUUUUZWWWWLRRRRRRR
YYYYYYYUUUUUZWWWWLRRRRRRR
YYYYYYYMMMMMMWWWWAAAAAAAH
YYYYYYYMMMMMMWWWWOOOOOOOF
YYYYYYYMMMMMMWWWWOOOOOOOF
DDDDDDJMMMMMMWWWWOOOOOOOF
DDDDDDJMMMMMMTTTTOOOOOOOF
SSSSSSSSSSSSEXXXXXXXQQQQF
SSSSSSSSSSSSEXXXXXXXQQQQF
SSSSSSSSSSSSEXXXXXXXQQQQF
SSSSSSSSSSSSEXXXXXXXQQQQF
SSSSSSSSSSSSEXXXXXXXQQQQF
SSSSSSSSSSSSEXXXXXXXQQQQF
KKKKVVVVVVVIIXXXXXXXQQQQF
KKKKVVVVVVVIIXXXXXXXQQQQF
KKKKVVVVVVVIIXXXXXXXQQQQF
Case #58:
FGGG
FCCC
FADD
FEHH
FBBB
FBBB
Case #59:
AAACCEEEEEEEEEEEEEEEEEEEE
AAACCEEEEEEEEEEEEEEEEEEEE
AAACCEEEEEEEEEEEEEEEEEEEE
AAACCEEEEEEEEEEEEEEEEEEEE
AAACCEEEEEEEEEEEEEEEEEEEE
AAACCEEEEEEEEEEEEEEEEEEEE
AAACCEEEEEEEEEEEEEEEEEEEE
AAACCEEEEEEEEEEEEEEEEEEEE
AAACCEEEEEEEEEEEEEEEEEEEE
AAACCEEEEEEEEEEEEEEEEEEEE
AAACCEEEEEEEEEEEEEEEEEEEE
AAACCEEEEEEEEEEEEEEEEEEEE
AAACCEEEEEEEEEEEEEEEEEEEE
AAACCEEEEEEEEEEEEEEEEEEEE
AAACCEEEEEEEEEEEEEEEEEEEE
AAACCEEEEEEEEEEEEEEEEEEEE
BBBBDEEEEEEEEEEEEEEEEEEEE
BBBBDEEEEEEEEEEEEEEEEEEEE
BBBBDEEEEEEEEEEEEEEEEEEEE
BBBBDEEEEEEEEEEEEEEEEEEEE
BBBBDEEEEEEEEEEEEEEEEEEEE
BBBBDEEEEEEEEEEEEEEEEEEEE
BBBBDEEEEEEEEEEEEEEEEEEEE
BBBBDEEEEEEEEEEEEEEEEEEEE
BBBBDEEEEEEEEEEEEEEEEEEEE
Case #60:
AAAAAAAAACEEEEEEEEEEEEEEE
AAAAAAAAACEEEEEEEEEEEEEEE
AAAAAAAAACEEEEEEEEEEEEEEE
AAAAAAAAACEEEEEEEEEEEEEEE
AAAAAAAAACEEEEEEEEEEEEEEE
AAAAAAAAACEEEEEEEEEEEEEEE
BBBBBBBBBBEEEEEEEEEEEEEEE
BBBBBBBBBBEEEEEEEEEEEEEEE
BBBBBBBBBBEEEEEEEEEEEEEEE
BBBBBBBBBBEEEEEEEEEEEEEEE
BBBBBBBBBBDDDDDDDDDDDDDDD
BBBBBBBBBBDDDDDDDDDDDDDDD
BBBBBBBBBBDDDDDDDDDDDDDDD
BBBBBBBBBBDDDDDDDDDDDDDDD
BBBBBBBBBBDDDDDDDDDDDDDDD
BBBBBBBBBBDDDDDDDDDDDDDDD
BBBBBBBBBBDDDDDDDDDDDDDDD
BBBBBBBBBBDDDDDDDDDDDDDDD
BBBBBBBBBBDDDDDDDDDDDDDDD
BBBBBBBBBBDDDDDDDDDDDDDDD
BBBBBBBBBBDDDDDDDDDDDDDDD
BBBBBBBBBBDDDDDDDDDDDDDDD
BBBBBBBBBBDDDDDDDDDDDDDDD
BBBBBBBBBBDDDDDDDDDDDDDDD
BBBBBBBBBBDDDDDDDDDDDDDDD
Case #61:
AAAAAAAAAABBBBBBBBBBBBHHJ
AAAAAAAAAABBBBBBBBBBBBHHJ
AAAAAAAAAABBBBBBBBBBBBHHJ
AAAAAAAAAABBBBBBBBBBBBHHJ
AAAAAAAAAABBBBBBBBBBBBHHJ
CCCCCCCCCCDDDDDDDDDDDDHHJ
CCCCCCCCCCDDDDDDDDDDDDHHJ
EEEEEEEEEEEEEEEEEEEEEFHHJ
EEEEEEEEEEEEEEEEEEEEEFHHJ
EEEEEEEEEEEEEEEEEEEEEFHHJ
EEEEEEEEEEEEEEEEEEEEEFHHJ
EEEEEEEEEEEEEEEEEEEEEFHHJ
EEEEEEEEEEEEEEEEEEEEEFHHJ
EEEEEEEEEEEEEEEEEEEEEFHHJ
EEEEEEEEEEEEEEEEEEEEEFHHJ
EEEEEEEEEEEEEEEEEEEEEFHHJ
EEEEEEEEEEEEEEEEEEEEEFHHJ
EEEEEEEEEEEEEEEEEEEEEFHHJ
EEEEEEEEEEEEEEEEEEEEEFHHJ
EEEEEEEEEEEEEEEEEEEEEFHHJ
EEEEEEEEEEEEEEEEEEEEEGGIJ
EEEEEEEEEEEEEEEEEEEEEGGIJ
EEEEEEEEEEEEEEEEEEEEEGGIJ
EEEEEEEEEEEEEEEEEEEEEGGIJ
EEEEEEEEEEEEEEEEEEEEEGGIJ
Case #62:
MMMMMTTTTTTTTUUUUUUUUUUU
MMMMMTTTTTTTTUUUUUUUUUUU
MMMMMTTTTTTTTUUUUUUUUUUU
MMMMMTTTTTTTTUUUUUUUUUUU
MMMMMTTTTTTTTGGGGGGGGGGG
MMMMMTTTTTTTTQQQQQQQQQQQ
AAAVVSSSSSSSSSSSSSSSSSSS
AAAJJJJJJJJYYYYYYYYYEEEE
AAAJJJJJJJJYYYYYYYYYLLLL
AAAJJJJJJJJYYYYYYYYYLLLL
AAAJJJJJJJJYYYYYYYYYLLLL
AAAJJJJJJJJYYYYYYYYYLLLL
AAAJJJJJJJJPPPPPPPPPLLLL
DHHHHHOOOOCCCCCCCCCCLLLL
DHHHHHOOOOCCCCCCCCCCBBBB
DHHHHHOOOOCCCCCCCCCCBBBB
DHHHHHOOOOWWXXXXNNNNNNNN
DHHHHHOOOOWWXXXXNNNNNNNN
DHHHHHOOOOWWXXXXNNNNNNNN
DHHHHHRRRRRRXXXXNNNNNNNN
DHHHHHRRRRRRXXXXIIKKKKKK
DHHHHHRRRRRRXXXXFFFFFFFF
DHHHHHRRRRRRXXXXFFFFFFFF
DHHHHHRRRRRRXXXXFFFFFFFF
DHHHHHRRRRRRXXXXFFFFFFFF
Case #63:
ABCDEFGHIJKLMNOPQRSTUVWXY
ABCDEFGHIJKLMNOPQRSTUVWXY
ABCDEFGHIJKLMNOPQRSTUVWXY
ABCDEFGHIJKLMNOPQRSTUVWXY
ABCDEFGHIJKLMNOPQRSTUVWXY
ABCDEFGHIJKLMNOPQRSTUVWXY
ABCDEFGHIJKLMNOPQRSTUVWXY
ABCDEFGHIJKLMNOPQRSTUVWXY
ABCDEFGHIJKLMNOPQRSTUVWXY
ABCDEFGHIJKLMNOPQRSTUVWXY
ABCDEFGHIJKLMNOPQRSTUVWXY
ABCDEFGHIJKLMNOPQRSTUVWXY
ABCDEFGHIJKLMNOPQRSTUVWXY
ABCDEFGHIJKLMNOPQRSTUVWXY
ABCDEFGHIJKLMNOPQRSTUVWXY
ABCDEFGHIJKLMNOPQRSTUVWXY
ABCDEFGHIJKLMNOPQRSTUVWXY
ABCDEFGHIJKLMNOPQRSTUVWXY
ABCDEFGHIJKLMNOPQRSTUVWXY
ABCDEFGHIJKLMNOPQRSTUVWXY
ABCDEFGHIJKLMNOPQRSTUVWXY
ABCDEFGHIJKLMNOPQRSTUVWXY
ABCDEFGHIJKLMNOPQRSTUVWXY
ABCDEFGHIJKLMNOPQRSTUVWXY
ABCDEFGHIJKLMNOPQRSTUVWXY
Case #64:
FFFFHHHEAKKTTTTTTTTTTTTTT
FFFFHHHEAKKTTTTTTTTTTTTTT
FFFFHHHEAKKBBBBBBBBBBBBBB
FFFFHHHEAKKBBBBBBBBBBBBBB
FFFFHHHEAKKXJJJJJJJJJJJJJ
FFFFHHHEANNNZZZZZZZZZZZZZ
FFFFHHHEAMMMZZZZZZZZZZZZZ
FFFFHHHEARRRRRRRRSSSSSSSS
FFFFHHHEYDPPPPPPWSSSSSSSS
FFFFHHHEYUUUQVVVVSSSSSSSS
FFFFHHHEIIIIQCCCCSSSSSSSS
FFFFHHHLIIIIGGGGGGGGGGGGG
FFFFHHHLIIIIGGGGGGGGGGGGG
OOOOOOOOOOOOOOOOOOOOOOOOO
OOOOOOOOOOOOOOOOOOOOOOOOO
OOOOOOOOOOOOOOOOOOOOOOOOO
OOOOOOOOOOOOOOOOOOOOOOOOO
OOOOOOOOOOOOOOOOOOOOOOOOO
OOOOOOOOOOOOOOOOOOOOOOOOO
OOOOOOOOOOOOOOOOOOOOOOOOO
OOOOOOOOOOOOOOOOOOOOOOOOO
OOOOOOOOOOOOOOOOOOOOOOOOO
OOOOOOOOOOOOOOOOOOOOOOOOO
OOOOOOOOOOOOOOOOOOOOOOOOO
OOOOOOOOOOOOOOOOOOOOOOOOO
Case #65:
GGGGGGGGGGGGGGGGGGGGGGGMM
GGGGGGGGGGGGGGGGGGGGGGGMM
GGGGGGGGGGGGGGGGGGGGGGGMM
GGGGGGGGGGGGGGGGGGGGGGGMM
GGGGGGGGGGGGGGGGGGGGGGGMM
GGGGGGGGGGGGGGGGGGGGGGGMM
GGGGGGGGGGGGGGGGGGGGGGGMM
GGGGGGGGGGGGGGGGGGGGGGGMM
GGGGGGGGGGGGGGGGGGGGGGGMM
GGGGGGGGGGGGGGGGGGGGGGGMM
GGGGGGGGGGGGGGGGGGGGGGGMM
GGGGGGGGGGGGGGGGGGGGGGGMM
GGGGGGGGGGGGGGGGGGGGGGGMM
GGGGGGGGGGGGGGGGGGGGGGGMM
OOOOOOOOOOOOOOOOOOOVVVVMM
HHHHHHHHHHHHHHHBBBNSSSSMM
TTTTTTTTTTTTTTTKKKNSSSSMM
PPPPPPPPPPPPPPAKKKNSSSSMM
RRRRRRRRRRRRXXAKKKNSSSSMM
ZZZZZZZZZZZZZZZKKKFFFDDMM
CCCCCCCCCCCCCCCLLLFFFDDMM
CCCCCCCCCCCCCCCEEEEIIIIMM
UUUUUUUUUUUUWWYJJJJJJJJJJ
UUUUUUUUUUUUQQQQQQQQQQQQQ
UUUUUUUUUUUUQQQQQQQQQQQQQ
Case #66:
AAA
AAA
AAA
DDB
EEC
Case #67:
ABCDEFGHIJKLMNOPQRSTUVWXY
ABCDEFGHIJKLMNOPQRSTUVWXY
ABCDEFGHIJKLMNOPQRSTUVWXY
ABCDEFGHIJKLMNOPQRSTUVWXY
ABCDEFGHIJKLMNOPQRSTUVWXY
ABCDEFGHIJKLMNOPQRSTUVWXY
ABCDEFGHIJKLMNOPQRSTUVWXY
ABCDEFGHIJKLMNOPQRSTUVWXY
ABCDEFGHIJKLMNOPQRSTUVWXY
ABCDEFGHIJKLMNOPQRSTUVWXY
ABCDEFGHIJKLMNOPQRSTUVWXY
ABCDEFGHIJKLMNOPQRSTUVWXY
ABCDEFGHIJKLMNOPQRSTUVWXY
ABCDEFGHIJKLMNOPQRSTUVWXY
ABCDEFGHIJKLMNOPQRSTUVWXY
ABCDEFGHIJKLMNOPQRSTUVWXY
ABCDEFGHIJKLMNOPQRSTUVWXY
ABCDEFGHIJKLMNOPQRSTUVWXY
ABCDEFGHIJKLMNOPQRSTUVWXY
ABCDEFGHIJKLMNOPQRSTUVWXY
ABCDEFGHIJKLMNOPQRSTUVWXY
ABCDEFGHIJKLMNOPQRSTUVWXY
ABCDEFGHIJKLMNOPQRSTUVWXY
ABCDEFGHIJKLMNOPQRSTUVWXY
ABCDEFGHIJKLMNOPQRSTUVWXY
Case #68:
AAAAABBBBBBBBBBBBBBBBBBBB
AAAAABBBBBBBBBBBBBBBBBBBB
AAAAABBBBBBBBBBBBBBBBBBBB
AAAAABBBBBBBBBBBBBBBBBBBB
AAAAABBBBBBBBBBBBBBBBBBBB
AAAAABBBBBBBBBBBBBBBBBBBB
AAAAABBBBBBBBBBBBBBBBBBBB
AAAAABBBBBBBBBBBBBBBBBBBB
CCCCCBBBBBBBBBBBBBBBBBBBB
EEEEEEEEEDDDDDHJJJJJJJJJJ
EEEEEEEEEFFFFFHJJJJJJJJJJ
EEEEEEEEEFFFFFHJJJJJJJJJJ
EEEEEEEEEFFFFFHJJJJJJJJJJ
EEEEEEEEEFFFFFHJJJJJJJJJJ
EEEEEEEEEFFFFFHJJJJJJJJJJ
EEEEEEEEEFFFFFHJJJJJJJJJJ
EEEEEEEEEFFFFFHJJJJJJJJJJ
GGGGGGGGGGGGGGHJJJJJJJJJJ
GGGGGGGGGGGGGGIIIIIIIIIII
GGGGGGGGGGGGGGIIIIIIIIIII
GGGGGGGGGGGGGGIIIIIIIIIII
GGGGGGGGGGGGGGIIIIIIIIIII
GGGGGGGGGGGGGGIIIIIIIIIII
GGGGGGGGGGGGGGIIIIIIIIIII
GGGGGGGGGGGGGGIIIIIIIIIII
Case #69:
VU
RW
OO
YZ
YZ
TT
HH
HH
JJ
MM
MM
QQ
KA
SA
SC
SX
SB
SB
SB
SE
SP
FP
IL
ID
NG
Case #70:
ABCDEFGHIJKLMNOPQRSTUVWXY
ABCDEFGHIJKLMNOPQRSTUVWXY
ABCDEFGHIJKLMNOPQRSTUVWXY
ABCDEFGHIJKLMNOPQRSTUVWXY
ABCDEFGHIJKLMNOPQRSTUVWXY
ABCDEFGHIJKLMNOPQRSTUVWXY
ABCDEFGHIJKLMNOPQRSTUVWXY
ABCDEFGHIJKLMNOPQRSTUVWXY
ABCDEFGHIJKLMNOPQRSTUVWXY
ABCDEFGHIJKLMNOPQRSTUVWXY
ABCDEFGHIJKLMNOPQRSTUVWXY
ABCDEFGHIJKLMNOPQRSTUVWXY
ABCDEFGHIJKLMNOPQRSTUVWXY
ABCDEFGHIJKLMNOPQRSTUVWXY
ABCDEFGHIJKLMNOPQRSTUVWXY
ABCDEFGHIJKLMNOPQRSTUVWXY
ABCDEFGHIJKLMNOPQRSTUVWXY
ABCDEFGHIJKLMNOPQRSTUVWXY
ABCDEFGHIJKLMNOPQRSTUVWXY
ABCDEFGHIJKLMNOPQRSTUVWXY
ABCDEFGHIJKLMNOPQRSTUVWXY
ABCDEFGHIJKLMNOPQRSTUVWXY
ABCDEFGHIJKLMNOPQRSTUVWXY
ABCDEFGHIJKLMNOPQRSTUVWXY
ABCDEFGHIJKLMNOPQRSTUVWXY
Case #71:
KKKKKKKKKKKKKNNARRFFFFFFF
KKKKKKKKKKKKKNNARRFFFFFFF
KKKKKKKKKKKKKNNARRFFFFFFF
KKKKKKKKKKKKKNNARRFFFFFFF
KKKKKKKKKKKKKNNARRFFFFFFF
KKKKKKKKKKKKKNNARRFFFFFFF
KKKKKKKKKKKKKNNARRFFFFFFF
KKKKKKKKKKKKKNNARRFFFFFFF
KKKKKKKKKKKKKNNARRFFFFFFF
KKKKKKKKKKKKKNNARRFFFFFFF
KKKKKKKKKKKKKNNARRFFFFFFF
KKKKKKKKKKKKKNNARRFFFFFFF
KKKKKKKKKKKKKNNARRFFFFFFF
KKKKKKKKKKKKKNNABBFFFFFFF
KKKKKKKKKKKKKSJJPPFFFFFFF
KKKKKKKKKKKKKWMMMMMVVVVVV
LLLLLLLLLLLLHHQQZZDDDDDDD
LLLLLLLLLLLLHHYYYEDDDDDDD
LLLLLLLLLLLLHHYYYTDDDDDDD
OOOOOOOOOOOOOOOXIGDDDDDDD
OOOOOOOOOOOOOOOCUGDDDDDDD
OOOOOOOOOOOOOOOCUGDDDDDDD
OOOOOOOOOOOOOOOCUGDDDDDDD
OOOOOOOOOOOOOOOCUGDDDDDDD
OOOOOOOOOOOOOOOCUGDDDDDDD
Case #72:
CEHJK
MLADD
FBNIG
Case #73:
CCCCCHHHHFFFFFFFFSSSSSSSS
CCCCCDDDDFFFFFFFFSSSSSSSS
CCCCCDDDDFFFFFFFFSSSSSSSS
CCCCCDDDDFFFFFFFFSSSSSSSS
CCCCCTGGGGGGGGGGKKKMMMMMM
CCCCCTGGGGGGGGGGVVVMMMMMM
CCCCCTGGGGGGGGGGVVVMMMMMM
CCCCCTGGGGGGGGGGVVVMMMMMM
CCCCCTGGGGGGGGGGVVVMMMMMM
CCCCCUUUJJJJJJJJJJPMMMMMM
CCCCCUUUJJJJJJJJJJPMMMMMM
AAAAAAAAJJJJJJJJJJPMMMMMM
AAAAAAAAJJJJJJJJJJPMMMMMM
AAAAAAAAJJJJJJJJJJPMMMMMM
BBBBBBBBBBBBBBBQWWWWWWWWW
YYYYYYYYYYYYYYYQWWWWWWWWW
YYYYYYYYYYYYYYYQWWWWWWWWW
RRRLXXXXXXNNNNNQWWWWWWWWW
RRRLXXXXXXNNNNNQWWWWWWWWW
RRRLXXXXXXNNNNNQWWWWWWWWW
RRRLXXXXXXNNNNNQWWWWWWWWW
RRREXXXXXXNNNNNQWWWWWWWWW
RRREOOOIIIIIIIIQWWWWWWWWW
RRREOOOIIIIIIIIQWWWWWWWWW
Case #74:
AAAAAAAAAAAAAAAAAAAAAAAUE
AAAAAAAAAAAAAAAAAAAAAAAUE
AAAAAAAAAAAAAAAAAAAAAAAUE
AAAAAAAAAAAAAAAAAAAAAAAUE
AAAAAAAAAAAAAAAAAAAAAAAUE
AAAAAAAAAAAAAAAAAAAAAAAUE
AAAAAAAAAAAAAAAAAAAAAAAUE
AAAAAAAAAAAAAAAAAAAAAAAUE
AAAAAAAAAAAAAAAAAAAAAAAUE
AAAAAAAAAAAAAAAAAAAAAAAUE
AAAAAAAAAAAAAAAAAAAAAAAUE
AAAAAAAAAAAAAAAAAAAAAAAUE
AAAAAAAAAAAAAAAAAAAAAAAUE
AAAAAAAAAAAAAAAAAAAAAAAUE
AAAAAAAAAAAAAAAAAAAAAAAUE
AAAAAAAAAAAAAAAAAAAAAAAUE
AAAAAAAAAAAAAAAAAAAAAAAUE
AAAAAAAAAAAAAAAAAAAAAAAUE
AAAAAAAAAAAAAAAAAAAAAAAUE
HHHHHHHHHHHHHHHHHHHHHHHPE
OOOOOOOOOOOOOOOOOJSSLDITB
OOOOOOOOOOOOOOOOOJSSLFIZV
OOOOOOOOOOOOOOOOOJKNNNNCM
XXXXXXXXXXXXXXXXXXXXYRRRR
QQQQQQQQQQQQQQQQQQGWWWWWW
Case #75:
AAAAAAAAAAAAAAAAAAAAAAAAA
BBBBBBBBBBBBBBBBBBBBBBBBB
CCCCCCCCCCCCCCCCCCCCCCCCC
DDDDDDDDDDDDDDDDDDDDDDDDD
EEEEEEEEEEEEEEEEEEEEEEEEE
FFFFFFFFFFFFFFFFFFFFFFFFF
GGGGGGGGGGGGGGGGGGGGGGGGG
HHHHHHHHHHHHHHHHHHHHHHHHH
IIIIIIIIIIIIIIIIIIIIIIIII
JJJJJJJJJJJJJJJJJJJJJJJJJ
KKKKKKKKKKKKKKKKKKKKKKKKK
LLLLLLLLLLLLLLLLLLLLLLLLL
MMMMMMMMMMMMMMMMMMMMMMMMM
NNNNNNNNNNNNNNNNNNNNNNNNN
OOOOOOOOOOOOOOOOOOOOOOOOO
PPPPPPPPPPPPPPPPPPPPPPPPP
QQQQQQQQQQQQQQQQQQQQQQQQQ
RRRRRRRRRRRRRRRRRRRRRRRRR
SSSSSSSSSSSSSSSSSSSSSSSSS
TTTTTTTTTTTTTTTTTTTTTTTTT
UUUUUUUUUUUUUUUUUUUUUUUUU
VVVVVVVVVVVVVVVVVVVVVVVVV
WWWWWWWWWWWWWWWWWWWWWWWWW
XXXXXXXXXXXXXXXXXXXXXXXXX
YYYYYYYYYYYYYYYYYYYYYYYYY
Case #76:
A
Case #77:
A
A
Case #78:
CCCCCC
CCCCCC
CCCCCC
CCCCCC
BBBBEA
DDDDDD
Case #79:
DDDDDDDDDDDDDDDDDDDDDDDDI
DDDDDDDDDDDDDDDDDDDDDDDDI
DDDDDDDDDDDDDDDDDDDDDDDDI
DDDDDDDDDDDDDDDDDDDDDDDDI
JJJJJJJJJJJJJJJJJJJJJJJOI
GGGGNNNNNNNNNQQQQQQQQQQQQ
GGGGBBBBBBBBBQQQQQQQQQQQQ
GGGGBBBBBBBBBQQQQQQQQQQQQ
GGGGBBBBBBBBBRRRRRRRRRRRR
GGGGBBBBBBBBBEEEEEEEEEVVV
GGGGBBBBBBBBBEEEEEEEEEVVV
GGGGBBBBBBBBBCCAAAAAAAASS
GGGGBBBBBBBBBCCAAAAAAAASS
GGGGBBBBBBBBBCCAAAAAAAAHH
GGGGBBBBBBBBBCCAAAAAAAAHH
KTTTBBBBBBBBBCCAAAAAAAAHH
KTTTBBBBBBBBBCCAAAAAAAAHH
KTTTBBBBBBBBBLLAAAAAAAAHH
KTTTBBBBBBBBBLLAAAAAAAAHH
KTTTBBBBBBBBBLLYYYYYYYYHH
KTTTBBBBBBBBBLLYYYYYYYYHH
KTTTMMMMFFFFFLLYYYYYYYYHH
XXXXXXXXXXXXXLLYYYYYYYYHH
XXXXXXXXXXXXXPPPZZZZZZZHH
WWWWWWWWWUUUUUUUUUUUUUUUU
Case #80:
FFFFFFFFFFFFFFFFFFFFFFFFF
FFFFFFFFFFFFFFFFFFFFFFFFF
FFFFFFFFFFFFFFFFFFFFFFFFF
FFFFFFFFFFFFFFFFFFFFFFFFF
FFFFFFFFFFFFFFFFFFFFFFFFF
FFFFFFFFFFFFFFFFFFFFFFFFF
FFFFFFFFFFFFFFFFFFFFFFFFF
FFFFFFFFFFFFFFFFFFFFFFFFF
FFFFFFFFFFFFFFFFFFFFFFFFF
FFFFFFFFFFFFFFFFFFFFFFFFF
FFFFFFFFFFFFFFFFFFFFFFFFF
FFFFFFFFFFFFFFFFFFFFFFFFF
FFFFFFFFFFFFFFFFFFFFFFFFF
IIIIIIIIIIIIIIISSSSSSCCCC
IIIIIIIIIIIIIIISSSSSSLLJJ
IIIIIIIIIIIIIIISSSSSSLLJJ
IIIIIIIIIIIIIIISSSSSSDDJJ
IIIIIIIIIIIIIIISSSSSSAAAA
NNNNNNNNNNNNNNNNBXXMMMMMM
EEEEEEEEEEEEEEEEWHHHHZQQQ
PPPPPPPPPPPPPPPPOOOOOOOOO
VVVVVVVVVVVVVVVVOOOOOOOOO
GGGGGGGGGGGGGGGGGGGGGGKTT
UUUUUUUUUUUUUUUUUUYYYYKRR
UUUUUUUUUUUUUUUUUUYYYYKRR
Case #81:
A
B
Case #82:
NNNNNNNNNNNNNNNNNNNNMMMMK
NNNNNNNNNNNNNNNNNNNNMMMMK
NNNNNNNNNNNNNNNNNNNNMMMMY
NNNNNNNNNNNNNNNNNNNNBBBLY
NNNNNNNNNNNNNNNNNNNNBBBLY
NNNNNNNNNNNNNNNNNNNNDDDLY
ZZZZZZZZZZZZZZZTXXXXAAELY
ZZZZZZZZZZZZZZZTXXXXAAELY
ZZZZZZZZZZZZZZZTXXXXAAELY
ZZZZZZZZZZZZZZZTXXXXAAEJY
ZZZZZZZZZZZZZZZTXXXXAAESY
ZZZZZZZZZZZZZZZGXXXXAACSY
ZZZZZZZZZZZZZZZGXXXXAAFFY
ZZZZZZZZZZZZZZZGRRRWAAIIY
ZZZZZZZZZZZZZZZGRRRWAAIIY
ZZZZZZZZZZZZZZZGRRRWAAIIY
ZZZZZZZZZZZZZZZGRRRWAAIIY
ZZZZZZZZZZZZZZZGRRRVVOIIP
ZZZZZZZZZZZZZZZGRRRVVHHHH
ZZZZZZZZZZZZZZZGRRRVVHHHH
ZZZZZZZZZZZZZZZGRRRUUUUUU
QQQQQQQQQQQQQQQQQQQQQQQQQ
QQQQQQQQQQQQQQQQQQQQQQQQQ
QQQQQQQQQQQQQQQQQQQQQQQQQ
QQQQQQQQQQQQQQQQQQQQQQQQQ
Case #83:
BBBBBBEEEEEXXXXXXXXXXXXXX
BBBBBBEEEEEXXXXXXXXXXXXXX
BBBBBBEEEEEXXXXXXXXXXXXXX
BBBBBBEEEEEXXXXXXXXXXXXXX
BBBBBBEEEEEXXXXXXXXXXXXXX
BBBBBBEEEEEXXXXXXXXXXXXXX
BBBBBBEEEEEXXXXXXXXXXXXXX
BBBBBBEEEEEXXXXXXXXXXXXXX
BBBBBBEEEEEXXXXXXXXXXXXXX
BBBBBBEEEEEXXXXXXXXXXXXXX
BBBBBBEEEEEXXXXXXXXXXXXXX
BBBBBBEEEEEXXXXXXXXXXXXXX
BBBBBBEEEEEXXXXXXXXXXXXXX
BBBBBBEEEEEXXXXXXXXXXXXXX
BBBBBBEEEEEXXXXXXXXXXXXXX
BBBBBBEEEEEXXXXXXXXXXXXXX
BBBBBBEEEEEXXXXXXXXXXXXXX
BBBBBBEEEEEXXXXXXXXXXXXXX
BBBBBBEEEEEXXXXXXXXXXXXXX
BBBBBBEEEEEXXXXXXXXXXXXXX
LUUUYYKMMMMXXXXXXXXXXXXXX
LQQQFFKAANNXXXXXXXXXXXXXX
LPPPFFTAASDXXXXXXXXXXXXXX
LPPPCCOAASDXXXXXXXXXXXXXX
VVVHIGGJWRZXXXXXXXXXXXXXX
Case #84:
AAAAAAAAAAAAAAAAAAAAAAAAA
BBBBBBBBBBBBBBBBBBBBBBBBB
CCCCCCCCCCCCCCCCCCCCCCCCC
DDDDDDDDDDDDDDDDDDDDDDDDD
EEEEEEEEEEEEEEEEEEEEEEEEE
FFFFFFFFFFFFFFFFFFFFFFFFF
GGGGGGGGGGGGGGGGGGGGGGGGG
HHHHHHHHHHHHHHHHHHHHHHHHH
IIIIIIIIIIIIIIIIIIIIIIIII
JJJJJJJJJJJJJJJJJJJJJJJJJ
KKKKKKKKKKKKKKKKKKKKKKKKK
LLLLLLLLLLLLLLLLLLLLLLLLL
MMMMMMMMMMMMMMMMMMMMMMMMM
NNNNNNNNNNNNNNNNNNNNNNNNN
OOOOOOOOOOOOOOOOOOOOOOOOO
PPPPPPPPPPPPPPPPPPPPPPPPP
QQQQQQQQQQQQQQQQQQQQQQQQQ
RRRRRRRRRRRRRRRRRRRRRRRRR
SSSSSSSSSSSSSSSSSSSSSSSSS
TTTTTTTTTTTTTTTTTTTTTTTTT
UUUUUUUUUUUUUUUUUUUUUUUUU
VVVVVVVVVVVVVVVVVVVVVVVVV
WWWWWWWWWWWWWWWWWWWWWWWWW
XXXXXXXXXXXXXXXXXXXXXXXXX
YYYYYYYYYYYYYYYYYYYYYYYYY
Case #85:
AAAAABBBBBBBBBBBBBBBBBBBB
AAAAABBBBBBBBBBBBBBBBBBBB
AAAAABBBBBBBBBBBBBBBBBBBB
AAAAABBBBBBBBBBBBBBBBBBBB
AAAAABBBBBBBBBBBBBBBBBBBB
AAAAABBBBBBBBBBBBBBBBBBBB
AAAAABBBBBBBBBBBBBBBBBBBB
AAAAABBBBBBBBBBBBBBBBBBBB
CCCCCCCCCCCCCCCCCCCCCCCCC
EEEEEEEEEDDDDDDDDDDDDFHJJ
EEEEEEEEEDDDDDDDDDDDDFHJJ
EEEEEEEEEDDDDDDDDDDDDFHJJ
EEEEEEEEEDDDDDDDDDDDDFHJJ
EEEEEEEEEDDDDDDDDDDDDFHJJ
EEEEEEEEEDDDDDDDDDDDDFHJJ
EEEEEEEEEDDDDDDDDDDDDFHJJ
EEEEEEEEEDDDDDDDDDDDDFHJJ
EEEEEEEEEDDDDDDDDDDDDGHJJ
EEEEEEEEEDDDDDDDDDDDDGHJJ
EEEEEEEEEDDDDDDDDDDDDGHJJ
EEEEEEEEEDDDDDDDDDDDDGHJJ
EEEEEEEEEDDDDDDDDDDDDGIII
EEEEEEEEEDDDDDDDDDDDDGIII
EEEEEEEEEDDDDDDDDDDDDGIII
EEEEEEEEEDDDDDDDDDDDDGIII
Case #86:
AC
BC
Case #87:
WWTGGKYEEEEEEEEEEEEEEEEEE
ZZTCPMBEEEEEEEEEEEEEEEEEE
VVTHHANEEEEEEEEEEEEEEEEEE
VVTSIANRRRRRRRRRRRRRRRRRR
VVTSOOOOOOOOOOOOOOOOOOOOO
DDFQOOOOOOOOOOOOOOOOOOOOO
JJLLOOOOOOOOOOOOOOOOOOOOO
XXLLOOOOOOOOOOOOOOOOOOOOO
UULLOOOOOOOOOOOOOOOOOOOOO
UULLOOOOOOOOOOOOOOOOOOOOO
UULLOOOOOOOOOOOOOOOOOOOOO
UULLOOOOOOOOOOOOOOOOOOOOO
UULLOOOOOOOOOOOOOOOOOOOOO
UULLOOOOOOOOOOOOOOOOOOOOO
UULLOOOOOOOOOOOOOOOOOOOOO
UULLOOOOOOOOOOOOOOOOOOOOO
UULLOOOOOOOOOOOOOOOOOOOOO
UULLOOOOOOOOOOOOOOOOOOOOO
UULLOOOOOOOOOOOOOOOOOOOOO
UULLOOOOOOOOOOOOOOOOOOOOO
UULLOOOOOOOOOOOOOOOOOOOOO
UULLOOOOOOOOOOOOOOOOOOOOO
UULLOOOOOOOOOOOOOOOOOOOOO
UULLOOOOOOOOOOOOOOOOOOOOO
UULLOOOOOOOOOOOOOOOOOOOOO
Case #88:
QQQQQQQQQQQQQQQQQQQQQQQQQ
QQQQQQQQQQQQQQQQQQQQQQQQQ
QQQQQQQQQQQQQQQQQQQQQQQQQ
QQQQQQQQQQQQQQQQQQQQQQQQQ
QQQQQQQQQQQQQQQQQQQQQQQQQ
QQQQQQQQQQQQQQQQQQQQQQQQQ
QQQQQQQQQQQQQQQQQQQQQQQQQ
QQQQQQQQQQQQQQQQQQQQQQQQQ
QQQQQQQQQQQQQQQQQQQQQQQQQ
TTTTTTTTTTTTTTTTTTTTTTTTT
ARRXXXCCBBBBBBBBBBBBBBBBB
ASSSSSSSBBBBBBBBBBBBBBBBB
ASSSSSSSBBBBBBBBBBBBBBBBB
ASSSSSSSKDDDDDDDDDDDDDDDD
AWWWWWWWWWWWWWWWWWWWWWWWW
AIVVVVVNNUGGGGGGGGGGGGGGG
JIVVVVVNNUGGGGGGGGGGGGGGG
YFFFEPPPPPPPPPPPPPPPPPPPP
YFFFEPPPPPPPPPPPPPPPPPPPP
YFFFOOZLLLLLLLLLLLLLLLLLL
YFFFOOZLLLLLLLLLLLLLLLLLL
YFFFMMZLLLLLLLLLLLLLLLLLL
HHHHHHHLLLLLLLLLLLLLLLLLL
HHHHHHHLLLLLLLLLLLLLLLLLL
HHHHHHHLLLLLLLLLLLLLLLLLL
Case #89:
AAAAAAAAAACEEEEEEEEEEEEEE
AAAAAAAAAACEEEEEEEEEEEEEE
AAAAAAAAAACEEEEEEEEEEEEEE
AAAAAAAAAACEEEEEEEEEEEEEE
AAAAAAAAAACEEEEEEEEEEEEEE
AAAAAAAAAACEEEEEEEEEEEEEE
AAAAAAAAAACEEEEEEEEEEEEEE
AAAAAAAAAACEEEEEEEEEEEEEE
AAAAAAAAAACEEEEEEEEEEEEEE
AAAAAAAAAACEEEEEEEEEEEEEE
AAAAAAAAAACEEEEEEEEEEEEEE
BBBBBBBBBBBDDDDDDDDDDDDDD
BBBBBBBBBBBDDDDDDDDDDDDDD
BBBBBBBBBBBDDDDDDDDDDDDDD
BBBBBBBBBBBDDDDDDDDDDDDDD
BBBBBBBBBBBDDDDDDDDDDDDDD
BBBBBBBBBBBDDDDDDDDDDDDDD
BBBBBBBBBBBDDDDDDDDDDDDDD
BBBBBBBBBBBDDDDDDDDDDDDDD
BBBBBBBBBBBDDDDDDDDDDDDDD
BBBBBBBBBBBDDDDDDDDDDDDDD
BBBBBBBBBBBDDDDDDDDDDDDDD
BBBBBBBBBBBDDDDDDDDDDDDDD
BBBBBBBBBBBDDDDDDDDDDDDDD
BBBBBBBBBBBDDDDDDDDDDDDDD
Case #90:
AB
Case #91:
AAAAAAAAAAAABBBBBBBBBBBBB
AAAAAAAAAAAABBBBBBBBBBBBB
AAAAAAAAAAAABBBBBBBBBBBBB
AAAAAAAAAAAABBBBBBBBBBBBB
AAAAAAAAAAAABBBBBBBBBBBBB
AAAAAAAAAAAABBBBBBBBBBBBB
AAAAAAAAAAAABBBBBBBBBBBBB
AAAAAAAAAAAABBBBBBBBBBBBB
AAAAAAAAAAAABBBBBBBBBBBBB
AAAAAAAAAAAABBBBBBBBBBBBB
AAAAAAAAAAAABBBBBBBBBBBBB
CCCCCCCCCCCCCCCCDDDDDDDDD
EEEEEEEEEEEEEEEEDDDDDDDDD
EEEEEEEEEEEEEEEEDDDDDDDDD
EEEEEEEEEEEEEEEEDDDDDDDDD
EEEEEEEEEEEEEEEEDDDDDDDDD
EEEEEEEEEEEEEEEEDDDDDDDDD
EEEEEEEEEEEEEEEEDDDDDDDDD
EEEEEEEEEEEEEEEEDDDDDDDDD
EEEEEEEEEEEEEEEEDDDDDDDDD
EEEEEEEEEEEEEEEEDDDDDDDDD
EEEEEEEEEEEEEEEEDDDDDDDDD
EEEEEEEEEEEEEEEEDDDDDDDDD
EEEEEEEEEEEEEEEEDDDDDDDDD
EEEEEEEEEEEEEEEEDDDDDDDDD
Case #92:
XXXXXXXXXXXXXXXXXXXXXXXXX
VVVVVVVWLLLLLLLLLLLLLLLLL
VVVVVVVWKKKKKKKKKKKKKKKKK
HPMMMEEWKKKKKKKKKKKKKKKKK
HPCCCEEWKKKKKKKKKKKKKKKKK
HPCCCEEWKKKKKKKKKKKKKKKKK
HPCCCEEWKKKKKKKKKKKKKKKKK
HPCCCEEWKKKKKKKKKKKKKKKKK
HPCCCEEWKKKKKKKKKKKKKKKKK
HPDDDEEWBBUTTTTTTTTTTTTTT
HPDDDJJJJJUYYYYYYYYYYYYYY
HPDDDJJJJJUIIIIIIIIIFFFFF
HPDDDJJJJJUQQQQQQQSOFFFFF
HPDDDJJJJJUQQQQQQQSOFFFFF
HPDDDJJJJJUQQQQQQQSOFFFFF
HPDDDJJJJJUQQQQQQQSOFFFFF
HPDDDJJJJJUQQQQQQQSOFFFFF
HPDDDJJJJJUQQQQQQQSOFFFFF
HPDDDJJJJJUQQQQQQQSOFFFFF
HPDDDJJJJJUQQQQQQQSOFFFFF
HPZZZJJJJJUAAAAAAASOFFFFF
HPRRRRRRRRRRNNNNNNSOFFFFF
HPRRRRRRRRRRNNNNNNSOFFFFF
HPRRRRRRRRRRNNNNNNSOFFFFF
HPGGGGGGGGGGGGGGGGSOFFFFF
Case #93:
ZZZZZZZZZZZYYYYOOOORRRRRR
ZZZZZZZZZZZYYYYOOOORRRRRR
PPPPPPPPWWWYYYYOOOORRRRRR
PPPPPPPPWWWYYYYOOOORRRRRR
PPPPPPPPWWWYYYYOOOOGGGGGG
VVVVVVVVVVVVVVVOOOOGGGGGG
AAAAAANNNNSSSSSOOOOGGGGGG
AAAAAAIIIISSSSSOOOOGGGGGG
AAAAAAMMMMSSSSSOOOOGGGGGG
AAAAAAMMMMSSSSSOOOOGGGGGG
AAAAAAMMMMSSSSSOOOOGGGGGG
AAAAAAMMMMSSSSSOOOOGGGGGG
XXXXXBBBBBSSSSSOOOOGGGGGG
XXXXXBBBBBSSSSSOOOOGGGGGG
XXXXXBBBBBSSSSSOOOOGGGGGG
TTTTTBBBBBSSSSSOOOOGGGGGG
TTTTTBBBBBSSSSSOOOOGGGGGG
TTTTTLLLLLEEEEEOOOOGGGGGG
QQDDCLLLLLEEEEEOOOOGGGGGG
QQDDCLLLLLFFFFFOOOOGGGGGG
QQJJJLLLLLFFFFFHHKKKKKKKK
QQJJJLLLLLUUUUUUUUUUUUUUU
QQJJJLLLLLUUUUUUUUUUUUUUU
QQJJJLLLLLUUUUUUUUUUUUUUU
QQJJJLLLLLUUUUUUUUUUUUUUU
Case #94:
CCCCCCCCCCCCCCCCCCCCCCCCC
CCCCCCCCCCCCCCCCCCCCCCCCC
CCCCCCCCCCCCCCCCCCCCCCCCC
CCCCCCCCCCCCCCCCCCCCCCCCC
CCCCCCCCCCCCCCCCCCCCCCCCC
CCCCCCCCCCCCCCCCCCCCCCCCC
CCCCCCCCCCCCCCCCCCCCCCCCC
CCCCCCCCCCCCCCCCCCCCCCCCC
CCCCCCCCCCCCCCCCCCCCCCCCC
CCCCCCCCCCCCCCCCCCCCCCCCC
CCCCCCCCCCCCCCCCCCCCCCCCC
VVVVVVVVVVVVVVVVVVLLLLLLL
VVVVVVVVVVVVVVVVVVLLLLLLL
QQQQQQQQQQQQQQQQQOLLLLLLL
PPPPPPPPPPPPPPPPJJLLLLLLL
YYYYYYYYYYYYYYYYYYYYYYYYY
FFFFFFFFFFFFFFFFUGDDDDZZZ
MMMMMMMMMMMMMMMXXGDDDDZZZ
AAAAAAAAAAAAAAAXXWWHHHHHH
EEEEEEEEEEEEEEEEERRRRRRRK
EEEEEEEEEEEEEEEEEBBNNTTII
EEEEEEEEEEEEEEEEESSNNTTII
EEEEEEEEEEEEEEEEESSNNTTII
EEEEEEEEEEEEEEEEESSNNTTII
EEEEEEEEEEEEEEEEESSNNTTII
Case #95:
AA
Case #96:
AAAAAAAAAAAAAAAAAAABBBBBB
AAAAAAAAAAAAAAAAAAABBBBBB
AAAAAAAAAAAAAAAAAAABBBBBB
AAAAAAAAAAAAAAAAAAABBBBBB
AAAAAAAAAAAAAAAAAAABBBBBB
AAAAAAAAAAAAAAAAAAABBBBBB
AAAAAAAAAAAAAAAAAAABBBBBB
AAAAAAAAAAAAAAAAAAABBBBBB
AAAAAAAAAAAAAAAAAAABBBBBB
AAAAAAAAAAAAAAAAAAABBBBBB
AAAAAAAAAAAAAAAAAAABBBBBB
AAAAAAAAAAAAAAAAAAABBBBBB
AAAAAAAAAAAAAAAAAAABBBBBB
CCCCCCCCCCCCCCCCCCCBBBBBB
EEEEEEEEEEEEEEEEEEEEEEEDD
EEEEEEEEEEEEEEEEEEEEEEEDD
EEEEEEEEEEEEEEEEEEEEEEEDD
EEEEEEEEEEEEEEEEEEEEEEEDD
EEEEEEEEEEEEEEEEEEEEEEEDD
EEEEEEEEEEEEEEEEEEEEEEEDD
EEEEEEEEEEEEEEEEEEEEEEEDD
EEEEEEEEEEEEEEEEEEEEEEEDD
EEEEEEEEEEEEEEEEEEEEEEEDD
EEEEEEEEEEEEEEEEEEEEEEEDD
EEEEEEEEEEEEEEEEEEEEEEEDD
Case #97:
HOOOOOOOOOOOOAAAAAAAAAAAA
HOOOOOOOOOOOOAAAAAAAAAAAA
HOOOOOOOOOOOOAAAAAAAAAAAA
XXXXXXRRRRRRRRRRRRRRRRRRR
YYYYYYYYYYYYYYYYYYYYYQQQQ
VVVDDDDDDDDDDDDDSCCCCCCCC
VVVDDDDDDDDDDDDDSCCCCCCCC
VVVDDDDDDDDDDDDDSCCCCCCCC
VVVDDDDDDDDDDDDDSCCCCCCCC
VVVBBBBBBBBBBBLPPPPPPPPPP
VVVBBBBBBBBBBBLPPPPPPPPPP
VVVTTTTTTTTTFFFPPPPPPPPPP
VVVTTTTTTTTTFFFPPPPPPPPPP
VVVTTTTTTTTTWWKKKKJJJJJJJ
VVVTTTTTTTTTEEKKKKJJJJJJJ
VVVTTTTTTTTTEEKKKKJJJJJJJ
VVVTTTTTTTTTEEKKKKJJJJJJJ
VVVTTTTTTTTTEEKKKKJJJJJJJ
VVVTTTTTTTTTEEKKKKJJJJJJJ
VVVTTTTTTTTTZZKKKKJJJJJJJ
UUUUUUNNNNNNZZKKKKJJJJJJJ
UUUUUUMMMMMMZZKKKKIIIIIII
UUUUUUMMMMMMZZKKKKGGGGGGG
UUUUUUMMMMMMZZKKKKGGGGGGG
UUUUUUMMMMMMZZKKKKGGGGGGG
Case #98:
CCB
CCA
DDA
Case #99:
AAAAACCCCCCCCCCCCCCCCCCCC
AAAAACCCCCCCCCCCCCCCCCCCC
AAAAACCCCCCCCCCCCCCCCCCCC
AAAAACCCCCCCCCCCCCCCCCCCC
BBBBBBEEEEEEEEEEEEEEEEEEE
BBBBBBDDDDDDDDDDDDDDDDDDD
BBBBBBDDDDDDDDDDDDDDDDDDD
BBBBBBDDDDDDDDDDDDDDDDDDD
BBBBBBDDDDDDDDDDDDDDDDDDD
BBBBBBDDDDDDDDDDDDDDDDDDD
BBBBBBDDDDDDDDDDDDDDDDDDD
BBBBBBDDDDDDDDDDDDDDDDDDD
BBBBBBDDDDDDDDDDDDDDDDDDD
BBBBBBDDDDDDDDDDDDDDDDDDD
BBBBBBDDDDDDDDDDDDDDDDDDD
BBBBBBDDDDDDDDDDDDDDDDDDD
BBBBBBDDDDDDDDDDDDDDDDDDD
BBBBBBDDDDDDDDDDDDDDDDDDD
BBBBBBDDDDDDDDDDDDDDDDDDD
BBBBBBDDDDDDDDDDDDDDDDDDD
BBBBBBDDDDDDDDDDDDDDDDDDD
BBBBBBDDDDDDDDDDDDDDDDDDD
BBBBBBDDDDDDDDDDDDDDDDDDD
BBBBBBDDDDDDDDDDDDDDDDDDD
BBBBBBDDDDDDDDDDDDDDDDDDD
Case #100:
BBBBBBRRRRRRRRRRRRRRRRRRQ
SSSSUERRRRRRRRRRRRRRRRRRQ
SSSSUERRRRRRRRRRRRRRRRRRQ
SSSSUERRRRRRRRRRRRRRRRRRQ
NNNNNERRRRRRRRRRRRRRRRRRQ
NNNNNPPPPPPPPPPPPCGGGGGGG
NNNNNIDDDDDDDAAAACHHHHHXJ
NNNNNIDDDDDDDAAAAOOOOOOXJ
NNNNNIDDDDDDDAAAAOOOOOOXJ
NNNNNIDDDDDDDVVVVOOOOOOXJ
NNNNNIDDDDDDDVVVVOOOOOOXJ
NNNNNIDDDDDDDVVVVOOOOOOXJ
NNNNNIDDDDDDDVVVVOOOOOOXJ
NNNNNIDDDDDDDVVVVOOOOOOXJ
NNNNNYYYYYYYYYKKKOOOOOOXJ
NNNNNYYYYYYYYYKKKOOOOOOXJ
NNNNNYYYYYYYYYKKKOOOOOOXJ
NNNNNYYYYYYYYYKKKOOOOOOXJ
FLLLLYYYYYYYYYKKKOOOOOOXJ
ZZZZZZZZZZZZZZZZZZZMMMMMM
ZZZZZZZZZZZZZZZZZZZMMMMMM
ZZZZZZZZZZZZZZZZZZZMMMMMM
WWWTTTTTTTTTTTTTTTTTTTTTT
WWWTTTTTTTTTTTTTTTTTTTTTT
WWWTTTTTTTTTTTTTTTTTTTTTT
